
Buildfile: /Users/keithhunten/Documents/workspace/stepmod/publication/part1000/CR_composites/buildbuild.xml

main:
       [style] Warning: the task name <style> is deprecated. Use <xslt> instead.
       [style] Processing /Users/keithhunten/Documents/workspace/stepmod/publication/part1000/CR_composites/publication_index.xml to /Users/keithhunten/Documents/workspace/stepmod/publication/part1000/CR_composites/build.xml
       [style] Loading stylesheet /Users/keithhunten/Documents/workspace/stepmod/publication/xsl/build_CR.xsl
       [style] {{Part_and_zone_laminate_tables_mim}}
       [style]  2{{}}
       [style] 3{{ product_definition_schema  product_structure_schema  product_definition_schema  product_structure_schema  product_definition_schema  Part_and_zone_laminate_tables_mim  product_definition_schema  Part_and_zone_laminate_tables_mim  product_structure_schema  Part_and_zone_laminate_tables_mim  product_definition_schema  Part_and_zone_laminate_tables_mim  product_structure_schema  Part_and_zone_laminate_tables_mim  Part_and_zone_laminate_tables_mim  product_definition_schema  Part_and_zone_laminate_tables_mim  Part_and_zone_laminate_tables_mim  Part_and_zone_laminate_tables_mim  Part_and_zone_laminate_tables_mim  Part_and_zone_laminate_tables_mim  Part_and_zone_laminate_tables_mim  Part_and_zone_laminate_tables_mim  product_definition_schema  Part_and_zone_laminate_tables_mim  Part_and_zone_laminate_tables_mim  product_structure_schema  product_definition_schema  product_definition_schema  product_definition_schema  Part_and_zone_laminate_tables_mim  Part_and_zone_laminate_tables_mim  product_definition_schema  Part_and_zone_laminate_tables_mim  Part_and_zone_laminate_tables_mim  product_definition_schema  product_definition_schema  Part_and_zone_laminate_tables_mim  Part_and_zone_laminate_tables_mim  product_structure_schema  product_structure_schema  product_definition_schema  product_definition_schema  Part_and_zone_laminate_tables_mim  product_structure_schema  Part_and_zone_laminate_tables_mim  product_definition_schema  Part_and_zone_laminate_tables_mim  product_structure_schema  product_definition_schema  product_definition_schema  product_definition_schema  Part_and_zone_laminate_tables_mim  Part_and_zone_laminate_tables_mim  Part_and_zone_laminate_tables_mim  product_definition_schema  product_definition_schema  product_property_definition_schema  product_structure_schema  product_structure_schema  Part_and_zone_laminate_tables_mim  Part_and_zone_laminate_tables_mim  Part_and_zone_laminate_tables_mim  Part_and_zone_laminate_tables_mim  Part_and_zone_laminate_tables_mim  Part_and_zone_laminate_tables_mim  Part_and_zone_laminate_tables_mim  Part_and_zone_laminate_tables_mim  Part_and_zone_laminate_tables_mim  Part_and_zone_laminate_tables_mim  Part_and_zone_laminate_tables_mim  product_definition_schema  Part_and_zone_laminate_tables_mim  product_definition_schema  Part_and_zone_laminate_tables_mim  product_structure_schema  product_definition_schema  product_definition_schema  product_definition_schema  Part_and_zone_laminate_tables_mim  product_definition_schema  Part_and_zone_laminate_tables_mim  product_structure_schema  product_definition_schema  product_definition_schema  product_definition_schema  Part_and_zone_laminate_tables_mim  product_definition_schema  Part_and_zone_laminate_tables_mim  product_structure_schema  product_definition_schema  product_definition_schema  product_definition_schema  Part_and_zone_laminate_tables_mim  product_definition_schema  Part_and_zone_laminate_tables_mim  product_structure_schema  product_definition_schema  product_definition_schema  product_definition_schema }}
       [style] {{Composite_constituent_shape_mim}}
       [style]  2{{}}
       [style] 3{{ product_property_representation_schema  Composite_constituent_shape_mim  product_property_representation_schema  Composite_constituent_shape_mim  aic_geometrically_bounded_surface  aic_manifold_surface  product_property_representation_schema  representation_schema  representation_schema  product_property_representation_schema  representation_schema }}
       [style] {{Ply_orientation_specification_mim}}
       [style]  2{{}}
       [style] 3{{ Ply_orientation_specification_mim  Ply_orientation_specification_mim  representation_schema  geometry_schema  representation_schema  Ply_orientation_specification_mim  representation_schema  Ply_orientation_specification_mim  Ply_orientation_specification_mim  Ply_orientation_specification_mim  geometry_schema  Ply_orientation_specification_mim  Ply_orientation_specification_mim  Ply_orientation_specification_mim  Ply_orientation_specification_mim  representation_schema  geometry_schema  geometry_schema  geometry_schema  representation_schema  geometry_schema  Ply_orientation_specification_mim  representation_schema  Ply_orientation_specification_mim  representation_schema  geometry_schema  Ply_orientation_specification_mim  representation_schema  Ply_orientation_specification_mim  representation_schema  Ply_orientation_specification_mim  Ply_orientation_specification_mim  geometry_schema  geometry_schema  geometry_schema  representation_schema  Ply_orientation_specification_mim  representation_schema  geometry_schema  geometry_schema  representation_schema  geometry_schema  geometry_schema  geometry_schema }}
       [style] {{Shape_property_assignment_mim}}
       [style]  2{{}}
       [style] 3{{ product_property_representation_schema  Shape_property_assignment_mim  Shape_property_assignment_mim  product_property_representation_schema  Shape_property_assignment_mim  product_property_representation_schema  Shape_property_assignment_mim  Shape_property_assignment_mim  product_property_representation_schema  Shape_property_assignment_mim  product_property_representation_schema  Shape_property_assignment_mim  product_property_representation_schema  geometry_schema  product_property_representation_schema }}
       [style] {{Stock_material_mim}}
       [style]  2{{}}
       [style] 3{{ product_structure_schema  product_definition_schema  product_definition_schema  product_definition_schema  product_definition_schema  product_definition_schema  product_definition_schema  product_definition_schema  product_structure_schema  product_definition_schema  product_definition_schema  product_definition_schema  product_definition_schema }}
       [style] {{Part_and_zone_laminate_tables_mim}}
       [style]  2{{}}
       [style] 3{{ product_definition_schema  product_structure_schema  product_definition_schema  product_structure_schema  product_definition_schema  Part_and_zone_laminate_tables_mim  product_definition_schema  Part_and_zone_laminate_tables_mim  product_structure_schema  Part_and_zone_laminate_tables_mim  product_definition_schema  Part_and_zone_laminate_tables_mim  product_structure_schema  Part_and_zone_laminate_tables_mim  Part_and_zone_laminate_tables_mim  product_definition_schema  Part_and_zone_laminate_tables_mim  Part_and_zone_laminate_tables_mim  Part_and_zone_laminate_tables_mim  Part_and_zone_laminate_tables_mim  Part_and_zone_laminate_tables_mim  Part_and_zone_laminate_tables_mim  Part_and_zone_laminate_tables_mim  product_definition_schema  Part_and_zone_laminate_tables_mim  Part_and_zone_laminate_tables_mim  product_structure_schema  product_definition_schema  product_definition_schema  product_definition_schema  Part_and_zone_laminate_tables_mim  Part_and_zone_laminate_tables_mim  product_definition_schema  Part_and_zone_laminate_tables_mim  Part_and_zone_laminate_tables_mim  product_definition_schema  product_definition_schema  Part_and_zone_laminate_tables_mim  Part_and_zone_laminate_tables_mim  product_structure_schema  product_structure_schema  product_definition_schema  product_definition_schema  Part_and_zone_laminate_tables_mim  product_structure_schema  Part_and_zone_laminate_tables_mim  product_definition_schema  Part_and_zone_laminate_tables_mim  product_structure_schema  product_definition_schema  product_definition_schema  product_definition_schema  Part_and_zone_laminate_tables_mim  Part_and_zone_laminate_tables_mim  Part_and_zone_laminate_tables_mim  product_definition_schema  product_definition_schema  product_property_definition_schema  product_structure_schema  product_structure_schema  Part_and_zone_laminate_tables_mim  Part_and_zone_laminate_tables_mim  Part_and_zone_laminate_tables_mim  Part_and_zone_laminate_tables_mim  Part_and_zone_laminate_tables_mim  Part_and_zone_laminate_tables_mim  Part_and_zone_laminate_tables_mim  Part_and_zone_laminate_tables_mim  Part_and_zone_laminate_tables_mim  Part_and_zone_laminate_tables_mim  Part_and_zone_laminate_tables_mim  product_definition_schema  Part_and_zone_laminate_tables_mim  product_definition_schema  Part_and_zone_laminate_tables_mim  product_structure_schema  product_definition_schema  product_definition_schema  product_definition_schema  Part_and_zone_laminate_tables_mim  product_definition_schema  Part_and_zone_laminate_tables_mim  product_structure_schema  product_definition_schema  product_definition_schema  product_definition_schema  Part_and_zone_laminate_tables_mim  product_definition_schema  Part_and_zone_laminate_tables_mim  product_structure_schema  product_definition_schema  product_definition_schema  product_definition_schema  Part_and_zone_laminate_tables_mim  product_definition_schema  Part_and_zone_laminate_tables_mim  product_structure_schema  product_definition_schema  product_definition_schema  product_definition_schema }}
       [style] {{Part_view_definition_mim}}
       [style]  2{{}}
       [style] 3{{ product_definition_schema  product_definition_schema }}
       [style] {{Product_view_definition_mim}}
       [style]  2{{}}
       [style] 3{{ product_definition_schema  application_context_schema  product_definition_schema  product_definition_schema  Product_view_definition_mim  application_context_schema  product_definition_schema  product_definition_schema  product_definition_schema  product_definition_schema  product_definition_schema }}
       [style] {{Basic_geometry_mim}}
       [style]  2{{}}
       [style] 3{{}}
       [style] {{Value_with_unit_extension_mim}}
       [style]  2{{}}
       [style] 3{{ measure_schema  Value_with_unit_extension_mim  measure_schema  iso13584_generic_expressions_schema  iso13584_generic_expressions_schema  iso13584_generic_expressions_schema  measure_schema  Value_with_unit_extension_mim  Value_with_unit_extension_mim  Value_with_unit_extension_mim  mathematical_functions_schema  iso13584_generic_expressions_schema  measure_schema  Value_with_unit_extension_mim  measure_schema  measure_schema  Value_with_unit_extension_mim  measure_schema  measure_schema }}
       [style] {{Elemental_geometric_shape_mim}}
       [style]  2{{}}
       [style] 3{{ product_property_representation_schema  Identification_assignment_mim }}
       [style] {{Composite_constituent_shape_mim}}
       [style]  2{{}}
       [style] 3{{ product_property_representation_schema  Composite_constituent_shape_mim  product_property_representation_schema  Composite_constituent_shape_mim  aic_geometrically_bounded_surface  aic_manifold_surface  product_property_representation_schema  representation_schema  representation_schema  product_property_representation_schema  representation_schema }}
       [style] {{Ply_orientation_specification_mim}}
       [style]  2{{}}
       [style] 3{{ Ply_orientation_specification_mim  Ply_orientation_specification_mim  representation_schema  geometry_schema  representation_schema  Ply_orientation_specification_mim  representation_schema  Ply_orientation_specification_mim  Ply_orientation_specification_mim  Ply_orientation_specification_mim  geometry_schema  Ply_orientation_specification_mim  Ply_orientation_specification_mim  Ply_orientation_specification_mim  Ply_orientation_specification_mim  representation_schema  geometry_schema  geometry_schema  geometry_schema  representation_schema  geometry_schema  Ply_orientation_specification_mim  representation_schema  Ply_orientation_specification_mim  representation_schema  geometry_schema  Ply_orientation_specification_mim  representation_schema  Ply_orientation_specification_mim  representation_schema  Ply_orientation_specification_mim  Ply_orientation_specification_mim  geometry_schema  geometry_schema  geometry_schema  representation_schema  Ply_orientation_specification_mim  representation_schema  geometry_schema  geometry_schema  representation_schema  geometry_schema  geometry_schema  geometry_schema }}
       [style] {{Shape_property_assignment_mim}}
       [style]  2{{}}
       [style] 3{{ product_property_representation_schema  Shape_property_assignment_mim  Shape_property_assignment_mim  product_property_representation_schema  Shape_property_assignment_mim  product_property_representation_schema  Shape_property_assignment_mim  Shape_property_assignment_mim  product_property_representation_schema  Shape_property_assignment_mim  product_property_representation_schema  Shape_property_assignment_mim  product_property_representation_schema  geometry_schema  product_property_representation_schema }}
       [style] {{Stock_material_mim}}
       [style]  2{{}}
       [style] 3{{ product_structure_schema  product_definition_schema  product_definition_schema  product_definition_schema  product_definition_schema  product_definition_schema  product_definition_schema  product_definition_schema  product_structure_schema  product_definition_schema  product_definition_schema  product_definition_schema  product_definition_schema }}
       [style] {{Advanced_boundary_representation_mim}}
       [style]  2{{}}
       [style] 3{{}}
       [style] {{Construction_geometry_mim}}
       [style]  2{{}}
       [style] 3{{ representation_schema  Construction_geometry_mim  geometry_schema  representation_schema  geometry_schema  geometry_schema  geometry_schema  geometry_schema  topology_schema  topology_schema  geometry_schema  geometry_schema  topology_schema  topology_schema  representation_schema  Construction_geometry_mim  representation_schema  representation_schema  representation_schema  Construction_geometry_mim  product_property_representation_schema  Construction_geometry_mim  Construction_geometry_mim  Construction_geometry_mim  Construction_geometry_mim  representation_schema  Construction_geometry_mim  representation_schema  Construction_geometry_mim  representation_schema  representation_schema  geometry_schema  representation_schema }}
       [style] {{Constructive_solid_geometry_3d_mim}}
       [style]  2{{}}
       [style] 3{{}}
       [style] {{Curve_swept_solid_mim}}
       [style]  2{{}}
       [style] 3{{}}
       [style] {{Edge_based_wireframe_mim}}
       [style]  2{{}}
       [style] 3{{}}
       [style] {{Elementary_boundary_representation_mim}}
       [style]  2{{}}
       [style] 3{{}}
       [style] {{Faceted_boundary_representation_mim}}
       [style]  2{{}}
       [style] 3{{}}
       [style] {{Geometrically_bounded_surface_mim}}
       [style]  2{{}}
       [style] 3{{}}
       [style] {{Geometrically_bounded_wireframe_mim}}
       [style]  2{{}}
       [style] 3{{}}
       [style] {{Manifold_surface_mim}}
       [style]  2{{}}
       [style] 3{{}}
       [style] {{Shell_based_wireframe_mim}}
       [style]  2{{}}
       [style] 3{{}}
       [style] {{Tessellated_geometry_mim}}
       [style]  2{{}}
       [style] 3{{}}
       [style] {{Elemental_topology_mim}}
       [style]  2{{}}
       [style] 3{{}}
       [style] {{Advanced_boundary_representation_mim}}
       [style]  2{{}}
       [style] 3{{}}
       [style] {{Construction_geometry_mim}}
       [style]  2{{}}
       [style] 3{{ representation_schema  Construction_geometry_mim  geometry_schema  representation_schema  geometry_schema  geometry_schema  geometry_schema  geometry_schema  topology_schema  topology_schema  geometry_schema  geometry_schema  topology_schema  topology_schema  representation_schema  Construction_geometry_mim  representation_schema  representation_schema  representation_schema  Construction_geometry_mim  product_property_representation_schema  Construction_geometry_mim  Construction_geometry_mim  Construction_geometry_mim  Construction_geometry_mim  representation_schema  Construction_geometry_mim  representation_schema  Construction_geometry_mim  representation_schema  representation_schema  geometry_schema  representation_schema }}
       [style] {{Constructive_solid_geometry_3d_mim}}
       [style]  2{{}}
       [style] 3{{}}
       [style] {{Curve_swept_solid_mim}}
       [style]  2{{}}
       [style] 3{{}}
       [style] {{Edge_based_wireframe_mim}}
       [style]  2{{}}
       [style] 3{{}}
       [style] {{Elementary_boundary_representation_mim}}
       [style]  2{{}}
       [style] 3{{}}
       [style] {{Faceted_boundary_representation_mim}}
       [style]  2{{}}
       [style] 3{{}}
       [style] {{Geometrically_bounded_surface_mim}}
       [style]  2{{}}
       [style] 3{{}}
       [style] {{Geometrically_bounded_wireframe_mim}}
       [style]  2{{}}
       [style] 3{{}}
       [style] {{Manifold_surface_mim}}
       [style]  2{{}}
       [style] 3{{}}
       [style] {{Shell_based_wireframe_mim}}
       [style]  2{{}}
       [style] 3{{}}
       [style] {{Value_with_unit_extension_mim}}
       [style]  2{{}}
       [style] 3{{ measure_schema  Value_with_unit_extension_mim  measure_schema  iso13584_generic_expressions_schema  iso13584_generic_expressions_schema  iso13584_generic_expressions_schema  measure_schema  Value_with_unit_extension_mim  Value_with_unit_extension_mim  Value_with_unit_extension_mim  mathematical_functions_schema  iso13584_generic_expressions_schema  measure_schema  Value_with_unit_extension_mim  measure_schema  measure_schema  Value_with_unit_extension_mim  measure_schema  measure_schema }}
       [style] {{Foundation_representation_mim}}
       [style]  2{{}}
       [style] 3{{}}
       [style] {{Property_assignment_mim}}
       [style]  2{{}}
       [style] 3{{}}
       [style] {{Assembly_structure_mim}}
       [style]  2{{}}
       [style] 3{{}}
       [style] {{External_model_mim}}
       [style]  2{{}}
       [style] 3{{}}
       [style] {{Geometric_model_relationship_mim}}
       [style]  2{{}}
       [style] 3{{}}
       [style] {{Product_view_definition_relationship_mim}}
       [style]  2{{}}
       [style] 3{{}}
       [style] {{Assembly_structure_mim}}
       [style]  2{{}}
       [style] 3{{}}
       [style] {{External_model_mim}}
       [style]  2{{}}
       [style] 3{{}}
       [style] {{Geometric_model_relationship_mim}}
       [style]  2{{}}
       [style] 3{{}}
       [style] {{Product_view_definition_relationship_mim}}
       [style]  2{{}}
       [style] 3{{}}
       [style] {{Property_assignment_mim}}
       [style]  2{{}}
       [style] 3{{}}
       [style] {{Approval_mim}}
       [style]  2{{}}
       [style] 3{{ management_resources_schema }}
       [style] {{Generic_material_aspects_mim}}
       [style]  2{{}}
       [style] 3{{ product_property_definition_schema  product_property_definition_schema  product_property_definition_schema  product_property_definition_schema  product_property_definition_schema  material_property_definition_schema }}
       [style] {{Specification_document_mim}}
       [style]  2{{}}
       [style] 3{{ group_schema  group_schema  group_schema  management_resources_schema  Specification_document_mim  Specification_document_mim  Specification_document_mim  Specification_document_mim  management_resources_schema  Specification_document_mim  Document_assignment_mim  product_property_definition_schema  Specification_document_mim  product_definition_schema  Specification_document_mim  Specification_document_mim  Specification_document_mim  Specification_document_mim  Specification_document_mim  Specification_document_mim  Specification_document_mim  Specification_document_mim  Specification_document_mim  Specification_document_mim }}
       [style] {{Part_and_version_identification_mim}}
       [style]  2{{}}
       [style] 3{{}}
       [style] {{Approval_mim}}
       [style]  2{{}}
       [style] 3{{ management_resources_schema }}
       [style] {{Elemental_geometric_shape_mim}}
       [style]  2{{}}
       [style] 3{{ product_property_representation_schema  Identification_assignment_mim }}
       [style] {{Generic_material_aspects_mim}}
       [style]  2{{}}
       [style] 3{{ product_property_definition_schema  product_property_definition_schema  product_property_definition_schema  product_property_definition_schema  product_property_definition_schema  material_property_definition_schema }}
       [style] {{Part_view_definition_mim}}
       [style]  2{{}}
       [style] 3{{ product_definition_schema  product_definition_schema }}
       [style] {{Specification_document_mim}}
       [style]  2{{}}
       [style] 3{{ group_schema  group_schema  group_schema  management_resources_schema  Specification_document_mim  Specification_document_mim  Specification_document_mim  Specification_document_mim  management_resources_schema  Specification_document_mim  Document_assignment_mim  product_property_definition_schema  Specification_document_mim  product_definition_schema  Specification_document_mim  Specification_document_mim  Specification_document_mim  Specification_document_mim  Specification_document_mim  Specification_document_mim  Specification_document_mim  Specification_document_mim  Specification_document_mim  Specification_document_mim }}
       [style] {{Part_and_version_identification_mim}}
       [style]  2{{}}
       [style] 3{{}}
       [style] {{Product_view_definition_mim}}
       [style]  2{{}}
       [style] 3{{ product_definition_schema  application_context_schema  product_definition_schema  product_definition_schema  Product_view_definition_mim  application_context_schema  product_definition_schema  product_definition_schema  product_definition_schema  product_definition_schema  product_definition_schema }}
       [style] {{Product_version_mim}}
       [style]  2{{}}
       [style] 3{{}}
       [style] {{Value_with_unit_mim}}
       [style]  2{{}}
       [style] 3{{}}
       [style] {{Value_with_unit_mim}}
       [style]  2{{}}
       [style] 3{{}}
       [style] {{Identification_assignment_mim}}
       [style]  2{{}}
       [style] 3{{ Identification_assignment_mim  management_resources_schema  Identification_assignment_mim  Identification_assignment_mim  Identification_assignment_mim  Identification_assignment_mim  Identification_assignment_mim  Identification_assignment_mim  Identification_assignment_mim  Identification_assignment_mim  Identification_assignment_mim }}
       [style] {{Foundation_representation_mim}}
       [style]  2{{}}
       [style] 3{{}}
       [style] {{Identification_assignment_mim}}
       [style]  2{{}}
       [style] 3{{ Identification_assignment_mim  management_resources_schema  Identification_assignment_mim  Identification_assignment_mim  Identification_assignment_mim  Identification_assignment_mim  Identification_assignment_mim  Identification_assignment_mim  Identification_assignment_mim  Identification_assignment_mim  Identification_assignment_mim }}
       [style] {{Topologically_bounded_surface_mim}}
       [style]  2{{}}
       [style] 3{{}}
       [style] {{Solid_model_mim}}
       [style]  2{{}}
       [style] 3{{}}
       [style] {{Solid_model_mim}}
       [style]  2{{}}
       [style] 3{{}}
       [style] {{Topologically_bounded_surface_mim}}
       [style]  2{{}}
       [style] 3{{}}
       [style] {{Basic_curve_mim}}
       [style]  2{{}}
       [style] 3{{ geometry_schema  geometry_schema  geometry_schema }}
       [style] {{Basic_curve_mim}}
       [style]  2{{}}
       [style] 3{{ geometry_schema  geometry_schema  geometry_schema }}
       [style] {{Primitive_solids_mim}}
       [style]  2{{}}
       [style] 3{{}}
       [style] {{Primitive_solids_mim}}
       [style]  2{{}}
       [style] 3{{}}
       [style] {{B_spline_geometry_mim}}
       [style]  2{{}}
       [style] 3{{}}
       [style] {{Basic_geometric_topology_mim}}
       [style]  2{{}}
       [style] 3{{}}
       [style] {{Draughting_element_mim}}
       [style]  2{{}}
       [style] 3{{}}
       [style] {{Tessellated_geometry_mim}}
       [style]  2{{}}
       [style] 3{{}}
       [style] {{Associative_text_mim}}
       [style]  2{{}}
       [style] 3{{}}
       [style] {{Support_resource_mim}}
       [style]  2{{}}
       [style] 3{{}}
       [style] {{Support_resource_mim}}
       [style]  2{{}}
       [style] 3{{}}
       [style] {{Independent_property_mim}}
       [style]  2{{}}
       [style] 3{{}}
       [style] {{Independent_property_mim}}
       [style]  2{{}}
       [style] 3{{}}
       [style] {{Product_view_definition_reference_mim}}
       [style]  2{{}}
       [style] 3{{}}
       [style] {{File_identification_mim}}
       [style]  2{{}}
       [style] 3{{ File_identification_mim  Identification_assignment_mim  document_schema  product_property_definition_schema  product_property_definition_schema  product_property_definition_schema  document_schema  document_schema }}
       [style] {{Date_time_assignment_mim}}
       [style]  2{{}}
       [style] 3{{ management_resources_schema  date_time_schema  Date_time_assignment_mim  date_time_schema  management_resources_schema  date_time_schema  Date_time_assignment_mim  date_time_schema }}
       [style] {{Person_organization_mim}}
       [style]  2{{}}
       [style] 3{{ person_organization_schema  person_organization_schema  person_organization_schema  person_organization_schema  person_organization_schema  person_organization_schema }}
       [style] {{Date_time_assignment_mim}}
       [style]  2{{}}
       [style] 3{{ management_resources_schema  date_time_schema  Date_time_assignment_mim  date_time_schema  management_resources_schema  date_time_schema  Date_time_assignment_mim  date_time_schema }}
       [style] {{Person_organization_mim}}
       [style]  2{{}}
       [style] 3{{ person_organization_schema  person_organization_schema  person_organization_schema  person_organization_schema  person_organization_schema  person_organization_schema }}
       [style] {{Independent_property_representation_mim}}
       [style]  2{{}}
       [style] 3{{}}
       [style] {{Independent_property_representation_mim}}
       [style]  2{{}}
       [style] 3{{}}
       [style] {{Characteristic_mim}}
       [style]  2{{}}
       [style] 3{{ product_property_definition_schema  Characteristic_mim  product_property_definition_schema  Characteristic_mim  product_property_definition_schema  product_property_definition_schema  Characteristic_mim  group_schema  representation_schema  Characteristic_mim  representation_schema  representation_schema  representation_schema  Characteristic_mim  representation_schema  qualified_measure_schema  Characteristic_mim  representation_schema  representation_schema  representation_schema  representation_schema  representation_schema }}
       [style] {{Configuration_item_mim}}
       [style]  2{{}}
       [style] 3{{ configuration_management_schema  configuration_management_schema  configuration_management_schema  configuration_management_schema  configuration_management_schema }}
       [style] {{Tagged_text_representation_mim}}
       [style]  2{{}}
       [style] 3{{ qualified_measure_schema  Tagged_text_representation_mim  representation_schema  Tagged_text_representation_mim  representation_schema  representation_schema  Tagged_text_representation_mim  representation_schema  Tagged_text_representation_mim  representation_schema  Tagged_text_representation_mim  representation_schema  Tagged_text_representation_mim  Tagged_text_representation_mim  representation_schema  Tagged_text_representation_mim  qualified_measure_schema  Tagged_text_representation_mim }}
       [style] {{Document_assignment_mim}}
       [style]  2{{}}
       [style] 3{{ management_resources_schema  document_schema  Document_assignment_mim  Document_assignment_mim  management_resources_schema  document_schema  Document_assignment_mim  product_definition_schema  document_schema  Document_assignment_mim  document_schema  Document_assignment_mim  document_schema  Document_assignment_mim  product_definition_schema  product_definition_schema  document_schema  product_definition_schema  product_definition_schema  product_definition_schema  document_schema  document_schema  product_definition_schema  product_definition_schema  document_schema  document_schema  document_schema  product_definition_schema  product_definition_schema  product_definition_schema  document_schema  document_schema  document_schema  product_definition_schema  product_definition_schema  product_definition_schema  product_definition_schema  document_schema  document_schema  document_schema  product_definition_schema  product_definition_schema }}
       [style] {{Document_definition_mim}}
       [style]  2{{}}
       [style] 3{{ product_definition_schema  product_definition_schema }}
       [style] {{Product_identification_mim}}
       [style]  2{{}}
       [style] 3{{}}
       [style] {{Characteristic_mim}}
       [style]  2{{}}
       [style] 3{{ product_property_definition_schema  Characteristic_mim  product_property_definition_schema  Characteristic_mim  product_property_definition_schema  product_property_definition_schema  Characteristic_mim  group_schema  representation_schema  Characteristic_mim  representation_schema  representation_schema  representation_schema  Characteristic_mim  representation_schema  qualified_measure_schema  Characteristic_mim  representation_schema  representation_schema  representation_schema  representation_schema  representation_schema }}
       [style] {{Configuration_item_mim}}
       [style]  2{{}}
       [style] 3{{ configuration_management_schema  configuration_management_schema  configuration_management_schema  configuration_management_schema  configuration_management_schema }}
       [style] {{Tagged_text_representation_mim}}
       [style]  2{{}}
       [style] 3{{ qualified_measure_schema  Tagged_text_representation_mim  representation_schema  Tagged_text_representation_mim  representation_schema  representation_schema  Tagged_text_representation_mim  representation_schema  Tagged_text_representation_mim  representation_schema  Tagged_text_representation_mim  representation_schema  Tagged_text_representation_mim  Tagged_text_representation_mim  representation_schema  Tagged_text_representation_mim  qualified_measure_schema  Tagged_text_representation_mim }}
       [style] {{Product_identification_mim}}
       [style]  2{{}}
       [style] 3{{}}
       [style] {{Product_version_mim}}
       [style]  2{{}}
       [style] 3{{}}
       [style] {{Person_organization_assignment_mim}}
       [style]  2{{}}
       [style] 3{{ Person_organization_assignment_mim  Person_organization_assignment_mim  management_resources_schema  person_organization_schema  Person_organization_assignment_mim  person_organization_schema  management_resources_schema  person_organization_schema  Person_organization_assignment_mim  person_organization_schema }}
       [style] {{External_item_identification_assignment_mim}}
       [style]  2{{}}
       [style] 3{{ management_resources_schema  External_item_identification_assignment_mim  External_item_identification_assignment_mim }}
       [style] {{Basic_geometry_mim}}
       [style]  2{{}}
       [style] 3{{}}
       [style] {{External_item_identification_assignment_mim}}
       [style]  2{{}}
       [style] 3{{ management_resources_schema  External_item_identification_assignment_mim  External_item_identification_assignment_mim }}
       [style] {{Elemental_topology_mim}}
       [style]  2{{}}
       [style] 3{{}}
       [style] {{Curve_appearance_mim}}
       [style]  2{{}}
       [style] 3{{ presentation_definition_schema  presentation_appearance_schema  Curve_appearance_mim  presentation_definition_schema  Curve_appearance_mim  presentation_appearance_schema  presentation_definition_schema  external_reference_schema  presentation_definition_schema  Curve_appearance_mim  external_reference_schema  presentation_appearance_schema  representation_schema  Curve_appearance_mim  presentation_definition_schema  representation_schema  Curve_appearance_mim  presentation_appearance_schema  Curve_appearance_mim  Curve_appearance_mim }}
       [style] {{Appearance_assignment_mim}}
       [style]  2{{}}
       [style] 3{{ representation_schema  presentation_appearance_schema  geometry_schema  presentation_appearance_schema  presentation_appearance_schema  geometry_schema  presentation_appearance_schema }}
       [style] {{Draughting_element_mim}}
       [style]  2{{}}
       [style] 3{{}}
       [style] {{Associative_text_mim}}
       [style]  2{{}}
       [style] 3{{}}
       [style] {{Curve_appearance_mim}}
       [style]  2{{}}
       [style] 3{{ presentation_definition_schema  presentation_appearance_schema  Curve_appearance_mim  presentation_definition_schema  Curve_appearance_mim  presentation_appearance_schema  presentation_definition_schema  external_reference_schema  presentation_definition_schema  Curve_appearance_mim  external_reference_schema  presentation_appearance_schema  representation_schema  Curve_appearance_mim  presentation_definition_schema  representation_schema  Curve_appearance_mim  presentation_appearance_schema  Curve_appearance_mim  Curve_appearance_mim }}
       [style] {{Colour_mim}}
       [style]  2{{}}
       [style] 3{{ presentation_resource_schema  external_reference_schema }}
       [style] {{Text_appearance_mim}}
       [style]  2{{}}
       [style] 3{{ presentation_resource_schema  presentation_resource_schema  presentation_definition_schema  presentation_resource_schema  presentation_definition_schema  presentation_resource_schema  presentation_definition_schema }}
       [style] {{Text_representation_mim}}
       [style]  2{{}}
       [style] 3{{}}
       [style] {{Appearance_assignment_mim}}
       [style]  2{{}}
       [style] 3{{ representation_schema  presentation_appearance_schema  geometry_schema  presentation_appearance_schema  presentation_appearance_schema  geometry_schema  presentation_appearance_schema }}
       [style] {{Colour_mim}}
       [style]  2{{}}
       [style] 3{{ presentation_resource_schema  external_reference_schema }}
       [style] {{Text_appearance_mim}}
       [style]  2{{}}
       [style] 3{{ presentation_resource_schema  presentation_resource_schema  presentation_definition_schema  presentation_resource_schema  presentation_definition_schema  presentation_resource_schema  presentation_definition_schema }}
       [style] {{Extended_date_mim}}
       [style]  2{{}}
       [style] 3{{}}
       [style] {{Date_time_mim}}
       [style]  2{{}}
       [style] 3{{}}
       [style] {{Basic_data_representation_mim}}
       [style]  2{{}}
       [style] 3{{ representation_schema  iso13584_expressions_schema  Basic_data_representation_mim  representation_schema  date_time_schema  Basic_data_representation_mim  representation_schema  date_time_schema  Basic_data_representation_mim  representation_schema  mathematical_functions_schema  Basic_data_representation_mim  representation_schema  iso13584_expressions_schema  Basic_data_representation_mim  representation_schema  iso13584_expressions_schema  Basic_data_representation_mim  iso13584_expressions_schema  representation_schema  iso13584_expressions_schema  Basic_data_representation_mim }}
       [style] {{Extended_measure_representation_mim}}
       [style]  2{{}}
       [style] 3{{ representation_schema  representation_schema  representation_schema  Extended_measure_representation_mim  qualified_measure_schema  Extended_measure_representation_mim  qualified_measure_schema  representation_schema  Extended_measure_representation_mim  qualified_measure_schema  representation_schema  Extended_measure_representation_mim  representation_schema  representation_schema  representation_schema  qualified_measure_schema  representation_schema  representation_schema  representation_schema  representation_schema  qualified_measure_schema  measure_schema  measure_schema  measure_schema  representation_schema  qualified_measure_schema  representation_schema  Extended_measure_representation_mim  representation_schema  representation_schema  representation_schema  Extended_measure_representation_mim  representation_schema  representation_schema  qualified_measure_schema  measure_schema  Extended_measure_representation_mim  representation_schema  representation_schema  qualified_measure_schema  representation_schema  representation_schema  representation_schema  representation_schema  Extended_measure_representation_mim  Extended_measure_representation_mim  representation_schema }}
       [style] {{External_library_mim}}
       [style]  2{{}}
       [style] 3{{ external_reference_schema }}
       [style] {{External_properties_mim}}
       [style]  2{{}}
       [style] 3{{ external_reference_schema  product_property_definition_schema  External_properties_mim  External_item_identification_assignment_mim  External_properties_mim  External_item_identification_assignment_mim  External_properties_mim  External_properties_mim  Plib_class_reference_mim  External_item_identification_assignment_mim  management_resources_schema  External_properties_mim  External_properties_mim  Plib_class_reference_mim  External_item_identification_assignment_mim  management_resources_schema  External_properties_mim  External_properties_mim  External_properties_mim  External_properties_mim  External_properties_mim  External_item_identification_assignment_mim  External_properties_mim  External_properties_mim  External_item_identification_assignment_mim }}
       [style] {{Measure_representation_mim}}
       [style]  2{{}}
       [style] {{Qualified_measure_mim}}
       [style]  2{{}}
       [style] 3{{ representation_schema  representation_schema  representation_schema  qualified_measure_schema  qualified_measure_schema  qualified_measure_schema  representation_schema  representation_schema  representation_schema  representation_schema  qualified_measure_schema  qualified_measure_schema  qualified_measure_schema }}
       [style] {{External_source_mim}}
       [style]  2{{}}
       [style] 3{{}}
       [style] {{Basic_data_representation_mim}}
       [style]  2{{}}
       [style] 3{{ representation_schema  iso13584_expressions_schema  Basic_data_representation_mim  representation_schema  date_time_schema  Basic_data_representation_mim  representation_schema  date_time_schema  Basic_data_representation_mim  representation_schema  mathematical_functions_schema  Basic_data_representation_mim  representation_schema  iso13584_expressions_schema  Basic_data_representation_mim  representation_schema  iso13584_expressions_schema  Basic_data_representation_mim  iso13584_expressions_schema  representation_schema  iso13584_expressions_schema  Basic_data_representation_mim }}
       [style] {{Document_assignment_mim}}
       [style]  2{{}}
       [style] 3{{ management_resources_schema  document_schema  Document_assignment_mim  Document_assignment_mim  management_resources_schema  document_schema  Document_assignment_mim  product_definition_schema  document_schema  Document_assignment_mim  document_schema  Document_assignment_mim  document_schema  Document_assignment_mim  product_definition_schema  product_definition_schema  document_schema  product_definition_schema  product_definition_schema  product_definition_schema  document_schema  document_schema  product_definition_schema  product_definition_schema  document_schema  document_schema  document_schema  product_definition_schema  product_definition_schema  product_definition_schema  document_schema  document_schema  document_schema  product_definition_schema  product_definition_schema  product_definition_schema  product_definition_schema  document_schema  document_schema  document_schema  product_definition_schema  product_definition_schema }}
       [style] {{Extended_measure_representation_mim}}
       [style]  2{{}}
       [style] 3{{ representation_schema  representation_schema  representation_schema  Extended_measure_representation_mim  qualified_measure_schema  Extended_measure_representation_mim  qualified_measure_schema  representation_schema  Extended_measure_representation_mim  qualified_measure_schema  representation_schema  Extended_measure_representation_mim  representation_schema  representation_schema  representation_schema  qualified_measure_schema  representation_schema  representation_schema  representation_schema  representation_schema  qualified_measure_schema  measure_schema  measure_schema  measure_schema  representation_schema  qualified_measure_schema  representation_schema  Extended_measure_representation_mim  representation_schema  representation_schema  representation_schema  Extended_measure_representation_mim  representation_schema  representation_schema  qualified_measure_schema  measure_schema  Extended_measure_representation_mim  representation_schema  representation_schema  qualified_measure_schema  representation_schema  representation_schema  representation_schema  representation_schema  Extended_measure_representation_mim  Extended_measure_representation_mim  representation_schema }}
       [style] {{External_library_mim}}
       [style]  2{{}}
       [style] 3{{ external_reference_schema }}
       [style] {{External_properties_mim}}
       [style]  2{{}}
       [style] 3{{ external_reference_schema  product_property_definition_schema  External_properties_mim  External_item_identification_assignment_mim  External_properties_mim  External_item_identification_assignment_mim  External_properties_mim  External_properties_mim  Plib_class_reference_mim  External_item_identification_assignment_mim  management_resources_schema  External_properties_mim  External_properties_mim  Plib_class_reference_mim  External_item_identification_assignment_mim  management_resources_schema  External_properties_mim  External_properties_mim  External_properties_mim  External_properties_mim  External_properties_mim  External_item_identification_assignment_mim  External_properties_mim  External_properties_mim  External_item_identification_assignment_mim }}
       [style] {{Product_concept_identification_mim}}
       [style]  2{{}}
       [style] 3{{}}
       [style] {{Document_and_version_identification_mim}}
       [style]  2{{}}
       [style] 3{{}}
       [style] {{Styled_curve_mim}}
       [style]  2{{}}
       [style] 3{{ presentation_appearance_schema  representation_schema  Styled_curve_mim  presentation_appearance_schema  Styled_curve_mim }}
       [style] {{Styled_curve_mim}}
       [style]  2{{}}
       [style] 3{{ presentation_appearance_schema  representation_schema  Styled_curve_mim  presentation_appearance_schema  Styled_curve_mim }}
       [style] {{Date_time_mim}}
       [style]  2{{}}
       [style] 3{{}}
       [style] {{Extended_date_mim}}
       [style]  2{{}}
       [style] 3{{}}
       [style] {{Qualified_measure_mim}}
       [style]  2{{}}
       [style] 3{{ representation_schema  representation_schema  representation_schema  qualified_measure_schema  qualified_measure_schema  qualified_measure_schema  representation_schema  representation_schema  representation_schema  representation_schema  qualified_measure_schema  qualified_measure_schema  qualified_measure_schema }}
       [style] {{Plib_class_reference_mim}}
       [style]  2{{}}
       [style] 3{{ external_reference_schema  external_reference_schema }}
       [style] {{External_source_mim}}
       [style]  2{{}}
       [style] 3{{}}
       [style] {{Plib_class_reference_mim}}
       [style]  2{{}}
       [style] 3{{ external_reference_schema  external_reference_schema }}
       [style] {{Measure_representation_mim}}
       [style]  2{{}}
       [style] {{External_class_mim}}
       [style]  2{{}}
       [style] 3{{ external_reference_schema  External_class_mim  external_reference_schema  classification_schema  External_class_mim }}
       [style] {{External_class_mim}}
       [style]  2{{}}
       [style] 3{{ external_reference_schema  External_class_mim  external_reference_schema  classification_schema  External_class_mim }}
       [style] {{Person_organization_assignment_mim}}
       [style]  2{{}}
       [style] 3{{ Person_organization_assignment_mim  Person_organization_assignment_mim  management_resources_schema  person_organization_schema  Person_organization_assignment_mim  person_organization_schema  management_resources_schema  person_organization_schema  Person_organization_assignment_mim  person_organization_schema }}
       [style] {{Class_mim}}
       [style]  2{{}}
       [style] 3{{}}
       [style] {{Name_assignment_mim}}
       [style]  2{{}}
       [style] 3{{ management_resources_schema  Name_assignment_mim }}
       [style] {{Class_mim}}
       [style]  2{{}}
       [style] 3{{}}
       [style] {{Name_assignment_mim}}
       [style]  2{{}}
       [style] 3{{ management_resources_schema  Name_assignment_mim }}
       [style] {{Set_theory_mim}}
       [style]  2{{}}
BUILD SUCCESSFUL
Total time: 5 seconds
