
Buildfile: /Users/keithhunten/Documents/workspace/stepmod/publication/part1000/CR_composites/build.xml

variables:
        [echo]  Publication started: Mon, 27 Jun 2016 12:07:43 

normref_check:
        [xslt] Processing /Users/keithhunten/Documents/workspace/stepmod/publication/part1000/CR_composites/sys/normref_check.xml to /Users/keithhunten/Documents/workspace/stepmod/publication/isopub/CR_composites/normref_check.htm
        [xslt] Loading stylesheet /Users/keithhunten/Documents/workspace/stepmod/xsl/pub_ballot/normref_check.xsl

bibliography_check:

modules_check:
        [xslt] Processing /Users/keithhunten/Documents/workspace/stepmod/publication/part1000/CR_composites/sys/modules_check.xml to /Users/keithhunten/Documents/workspace/stepmod/publication/isopub/CR_composites/modules_check.htm
        [xslt] Loading stylesheet /Users/keithhunten/Documents/workspace/stepmod/xsl/pub_ballot/modules_check.xsl
        [xslt] Module part_and_zone_laminate_tables - ERROR C: module/@publication.year is: 2015-12 should be 2016 or 2016-99
        [xslt] Module part_and_zone_laminate_tables - ERROR D: module/@publication.date is: 2015-12-15 should be 2016-99-es
        [xslt] Module: part_and_zone_laminate_tables - Error J: there is no module version in publication_index.xml
        [xslt] Module part_and_zone_laminate_tables - ERROR C: module/@publication.year is: 2015-12 should be 2016 or 2016-99
        [xslt] Module part_and_zone_laminate_tables - ERROR D: module/@publication.date is: 2015-12-15 should be 2016-99-es
        [xslt] Module: part_and_zone_laminate_tables - Error J: there is no module version in publication_index.xml

wgn_summary:

checkcvstag:

init:

isoindex:
        [xslt] Processing /Users/keithhunten/Documents/workspace/stepmod/publication/part1000/CR_composites/sys/publication_summary.xml to /Users/keithhunten/Documents/workspace/stepmod/publication/isopub/CR_composites/index.htm
        [xslt] Loading stylesheet /Users/keithhunten/Documents/workspace/stepmod/publication/xsl/CR_publication_summary.xsl
        [xslt]           Error 1: No contact provided for project leader.
        [xslt]         

isomodules:
        [xslt] Transforming into /Users/keithhunten/Documents/workspace/stepmod/publication/isopub/CR_composites/part1000
        [xslt] Transforming into /Users/keithhunten/Documents/workspace/stepmod/publication/isopub/CR_composites/part1000
        [xslt] Transforming into /Users/keithhunten/Documents/workspace/stepmod/publication/isopub/CR_composites/part1000
        [xslt] Processing /Users/keithhunten/Documents/workspace/stepmod/data/modules/part_and_zone_laminate_tables/sys/2_refs.xml to /Users/keithhunten/Documents/workspace/stepmod/publication/isopub/CR_composites/part1000/data/modules/part_and_zone_laminate_tables/sys/2_refs.htm
        [xslt] Loading stylesheet /Users/keithhunten/Documents/workspace/stepmod/xsl/sect_2_refs.xsl
        [xslt] Transforming into /Users/keithhunten/Documents/workspace/stepmod/publication/isopub/CR_composites/part1000
        [xslt] Transforming into /Users/keithhunten/Documents/workspace/stepmod/publication/isopub/CR_composites/part1000
        [xslt] Transforming into /Users/keithhunten/Documents/workspace/stepmod/publication/isopub/CR_composites/part1000
        [xslt] Transforming into /Users/keithhunten/Documents/workspace/stepmod/publication/isopub/CR_composites/part1000
        [xslt] Transforming into /Users/keithhunten/Documents/workspace/stepmod/publication/isopub/CR_composites/part1000
        [xslt] Processing /Users/keithhunten/Documents/workspace/stepmod/data/modules/part_and_zone_laminate_tables/sys/5_mapping.xml to /Users/keithhunten/Documents/workspace/stepmod/publication/isopub/CR_composites/part1000/data/modules/part_and_zone_laminate_tables/sys/5_mapping.htm
        [xslt] Loading stylesheet /Users/keithhunten/Documents/workspace/stepmod/xsl/sect_5_mapping.xsl
        [xslt] : Warning! Failure reading file:/Users/keithhunten/Documents/workspace/stepmod/data/modules//module.xml Cause: java.io.EOFException: no more input
        [xslt] Error Map26: ply_orientation_angle not found in relevant schemas
        [xslt] Error Map34: ERROR in subtyping in PATH: representation_relationship is not a supertype of ply_orientation_angle
        [xslt] Error Map26: ply_orientation_angle not found in relevant schemas
        [xslt] Error Map34: ERROR in subtyping in PATH: representation_relationship is not a supertype of ply_orientation_angle
        [xslt] Transforming into /Users/keithhunten/Documents/workspace/stepmod/publication/isopub/CR_composites/part1000
        [xslt] Transforming into /Users/keithhunten/Documents/workspace/stepmod/publication/isopub/CR_composites/part1000
        [xslt] Transforming into /Users/keithhunten/Documents/workspace/stepmod/publication/isopub/CR_composites/part1000
        [xslt] Transforming into /Users/keithhunten/Documents/workspace/stepmod/publication/isopub/CR_composites/part1000
        [xslt] Transforming into /Users/keithhunten/Documents/workspace/stepmod/publication/isopub/CR_composites/part1000
        [xslt] Transforming into /Users/keithhunten/Documents/workspace/stepmod/publication/isopub/CR_composites/part1000
        [xslt] Transforming into /Users/keithhunten/Documents/workspace/stepmod/publication/isopub/CR_composites/part1000
        [xslt] Transforming into /Users/keithhunten/Documents/workspace/stepmod/publication/isopub/CR_composites/part1000
        [xslt] Transforming into /Users/keithhunten/Documents/workspace/stepmod/publication/isopub/CR_composites/part1000
        [xslt] Transforming into /Users/keithhunten/Documents/workspace/stepmod/publication/isopub/CR_composites/part1000
        [xslt] Processing /Users/keithhunten/Documents/workspace/stepmod/data/modules/part_and_zone_laminate_tables/sys/isocover.xml to /Users/keithhunten/Documents/workspace/stepmod/publication/isopub/CR_composites/part1000/data/modules/part_and_zone_laminate_tables/sys/isocover.htm
        [xslt] Loading stylesheet /Users/keithhunten/Documents/workspace/stepmod/xsl/sect_isocover.xsl
        [move] Moving 1 file to /Users/keithhunten/Documents/workspace/stepmod/publication/isopub/CR_composites/part1000
        [xslt] Transforming into /Users/keithhunten/Documents/workspace/stepmod/publication/isopub/CR_composites/part1000
        [xslt] Transforming into /Users/keithhunten/Documents/workspace/stepmod/publication/isopub/CR_composites/part1000
        [xslt] Transforming into /Users/keithhunten/Documents/workspace/stepmod/publication/isopub/CR_composites/part1000
        [xslt] Transforming into /Users/keithhunten/Documents/workspace/stepmod/publication/isopub/CR_composites/part1000
        [xslt] Transforming into /Users/keithhunten/Documents/workspace/stepmod/publication/isopub/CR_composites/part1000
        [xslt] Transforming into /Users/keithhunten/Documents/workspace/stepmod/publication/isopub/CR_composites/part1000
        [xslt] Processing /Users/keithhunten/Documents/workspace/stepmod/data/modules/part_and_zone_laminate_tables/sys/g_change.xml to /Users/keithhunten/Documents/workspace/stepmod/publication/isopub/CR_composites/part1000/data/modules/part_and_zone_laminate_tables/sys/g_change.htm
        [xslt] Loading stylesheet /Users/keithhunten/Documents/workspace/stepmod/xsl/sect_g_change.xsl
        [xslt] Transforming into /Users/keithhunten/Documents/workspace/stepmod/publication/isopub/CR_composites/part1000
        [xslt] Transforming into /Users/keithhunten/Documents/workspace/stepmod/publication/isopub/CR_composites/part1000
        [xslt] Transforming into /Users/keithhunten/Documents/workspace/stepmod/publication/isopub/CR_composites/part1000
        [xslt] Processing /Users/keithhunten/Documents/workspace/stepmod/data/modules/part_and_zone_laminate_tables/arm.xml to /Users/keithhunten/Documents/workspace/stepmod/publication/isopub/CR_composites/part1000/data/modules/part_and_zone_laminate_tables/arm.htm
        [xslt] Loading stylesheet /Users/keithhunten/Documents/workspace/stepmod/xsl/express.xsl
        [xslt] Processing /Users/keithhunten/Documents/workspace/stepmod/data/modules/part_and_zone_laminate_tables/mim.xml to /Users/keithhunten/Documents/workspace/stepmod/publication/isopub/CR_composites/part1000/data/modules/part_and_zone_laminate_tables/mim.htm
        [xslt] Transforming into /Users/keithhunten/Documents/workspace/stepmod/publication/isopub/CR_composites/part1000
        [xslt] Processing /Users/keithhunten/Documents/workspace/stepmod/data/modules/part_and_zone_laminate_tables/armexpg1.xml to /Users/keithhunten/Documents/workspace/stepmod/publication/isopub/CR_composites/part1000/data/modules/part_and_zone_laminate_tables/armexpg1.htm
        [xslt] Loading stylesheet /Users/keithhunten/Documents/workspace/stepmod/xsl/imgfile.xsl
        [xslt] Processing /Users/keithhunten/Documents/workspace/stepmod/data/modules/part_and_zone_laminate_tables/armexpg2.xml to /Users/keithhunten/Documents/workspace/stepmod/publication/isopub/CR_composites/part1000/data/modules/part_and_zone_laminate_tables/armexpg2.htm
        [xslt] Processing /Users/keithhunten/Documents/workspace/stepmod/data/modules/part_and_zone_laminate_tables/armexpg3.xml to /Users/keithhunten/Documents/workspace/stepmod/publication/isopub/CR_composites/part1000/data/modules/part_and_zone_laminate_tables/armexpg3.htm
        [xslt] Processing /Users/keithhunten/Documents/workspace/stepmod/data/modules/part_and_zone_laminate_tables/mimexpg1.xml to /Users/keithhunten/Documents/workspace/stepmod/publication/isopub/CR_composites/part1000/data/modules/part_and_zone_laminate_tables/mimexpg1.htm
        [xslt] Processing /Users/keithhunten/Documents/workspace/stepmod/data/modules/part_and_zone_laminate_tables/mimexpg2.xml to /Users/keithhunten/Documents/workspace/stepmod/publication/isopub/CR_composites/part1000/data/modules/part_and_zone_laminate_tables/mimexpg2.htm

publish_isomodules:

zip:
         [zip] Building zip: /Users/keithhunten/Documents/workspace/stepmod/publication/isopub/CR_composites/CR_composites_20160627.zip

all:
BUILD SUCCESSFUL
Total time: 13 seconds
