
Buildfile: /Users/tom/Documents/workspace_362/stepmod/publication/part1000/CR00011/buildbuild.xml

main:
       [style] Warning: the task name <style> is deprecated. Use <xslt> instead.
BUILD SUCCESSFUL
Total time: 183 milliseconds

Buildfile: /Users/tom/Documents/workspace_362/stepmod/publication/part1000/CR00011/buildbuild.xml

main:
       [style] Warning: the task name <style> is deprecated. Use <xslt> instead.
       [style] Processing /Users/tom/Documents/workspace_362/stepmod/publication/part1000/CR00011/publication_index.xml to /Users/tom/Documents/workspace_362/stepmod/publication/part1000/CR00011/build.xml
       [style] Loading stylesheet /Users/tom/Documents/workspace_362/stepmod/publication/xsl/build_part1000.xsl
       [style]  ************************************************************ WARNING
       [style] 					Should only process application protocols or modules or resources Not a mixture
       [style] 					************************************************************ 
BUILD SUCCESSFUL
Total time: 25 seconds

Buildfile: /Users/klt/Projets/EclipseWS/stepmod/publication/part1000/CR00011/buildbuild.xml
main:
    [style] Warning: the task name <style> is deprecated. Use <xslt> instead.
    [style] Processing /Users/klt/Projets/EclipseWS/stepmod/publication/part1000/CR00011/publication_index.xml to /Users/klt/Projets/EclipseWS/stepmod/publication/part1000/CR00011/build.xml
    [style] Loading stylesheet /Users/klt/Projets/EclipseWS/stepmod/publication/xsl/build_part1000.xsl
    [style]  ************************************************************ WARNING
    [style] 					Should only process application protocols or modules or resources Not a mixture
    [style] 					************************************************************ 
BUILD SUCCESSFUL
Total time: 3 minutes 11 seconds


Buildfile: /Users/klt/Projets/EclipseWS/stepmod/publication/part1000/CR00011/buildbuild.xml
main:
    [style] Warning: the task name <style> is deprecated. Use <xslt> instead.
    [style] Processing /Users/klt/Projets/EclipseWS/stepmod/publication/part1000/CR00011/publication_index.xml to /Users/klt/Projets/EclipseWS/stepmod/publication/part1000/CR00011/build.xml
    [style] Loading stylesheet /Users/klt/Projets/EclipseWS/stepmod/publication/xsl/build_part1000.xsl
    [style]  ************************************************************ WARNING
    [style] 					Should only process application protocols or modules or resources Not a mixture
    [style] 					************************************************************ 
BUILD SUCCESSFUL
Total time: 2 minutes 48 seconds

