Buildfile: D:\data\Documents\eurostep_data\step\10303-modules\stepmod2012\stepmod\publication\part1000\CR00011\build.xml

variables:
     [echo]  Publication started: Tue, 16 Feb 2016 11:05:52 

normref_check:

bibliography_check:

modules_check:
     [xslt] Processing D:\data\Documents\eurostep_data\step\10303-modules\stepmod2012\stepmod\publication\part1000\CR00011\sys\modules_check.xml to D:\data\Documents\eurostep_data\step\10303-modules\stepmod2012\stepmod\publication\isopub\CR00011\modules_check.htm
     [xslt] Loading stylesheet D:\data\Documents\eurostep_data\step\10303-modules\stepmod2012\stepmod\xsl\pub_ballot\modules_check.xsl

wgn_summary:

checkcvstag:
    [input] Have you tagged the CVS repository (y/n)? The Tag to use is CR00011

init:

isoindex:

isoresdocs:
     [xslt] Transforming into D:\data\Documents\eurostep_data\step\10303-modules\stepmod2012\stepmod\publication\isopub\CR00011\part1000
     [xslt] Transforming into D:\data\Documents\eurostep_data\step\10303-modules\stepmod2012\stepmod\publication\isopub\CR00011\part1000
     [xslt] Transforming into D:\data\Documents\eurostep_data\step\10303-modules\stepmod2012\stepmod\publication\isopub\CR00011\part1000
     [xslt] Transforming into D:\data\Documents\eurostep_data\step\10303-modules\stepmod2012\stepmod\publication\isopub\CR00011\part1000
     [xslt] Transforming into D:\data\Documents\eurostep_data\step\10303-modules\stepmod2012\stepmod\publication\isopub\CR00011\part1000
     [xslt] Transforming into D:\data\Documents\eurostep_data\step\10303-modules\stepmod2012\stepmod\publication\isopub\CR00011\part1000
     [xslt] Transforming into D:\data\Documents\eurostep_data\step\10303-modules\stepmod2012\stepmod\publication\isopub\CR00011\part1000
     [xslt] Transforming into D:\data\Documents\eurostep_data\step\10303-modules\stepmod2012\stepmod\publication\isopub\CR00011\part1000
     [xslt] Transforming into D:\data\Documents\eurostep_data\step\10303-modules\stepmod2012\stepmod\publication\isopub\CR00011\part1000
     [xslt] Transforming into D:\data\Documents\eurostep_data\step\10303-modules\stepmod2012\stepmod\publication\isopub\CR00011\part1000
     [xslt] Transforming into D:\data\Documents\eurostep_data\step\10303-modules\stepmod2012\stepmod\publication\isopub\CR00011\part1000
     [xslt] Transforming into D:\data\Documents\eurostep_data\step\10303-modules\stepmod2012\stepmod\publication\isopub\CR00011\part1000
     [xslt] Transforming into D:\data\Documents\eurostep_data\step\10303-modules\stepmod2012\stepmod\publication\isopub\CR00011\part1000
     [xslt] Transforming into D:\data\Documents\eurostep_data\step\10303-modules\stepmod2012\stepmod\publication\isopub\CR00011\part1000
     [xslt] Transforming into D:\data\Documents\eurostep_data\step\10303-modules\stepmod2012\stepmod\publication\isopub\CR00011\part1000
     [xslt] Transforming into D:\data\Documents\eurostep_data\step\10303-modules\stepmod2012\stepmod\publication\isopub\CR00011\part1000
     [xslt] Transforming into D:\data\Documents\eurostep_data\step\10303-modules\stepmod2012\stepmod\publication\isopub\CR00011\part1000
     [xslt] Transforming into D:\data\Documents\eurostep_data\step\10303-modules\stepmod2012\stepmod\publication\isopub\CR00011\part1000
     [xslt] Transforming into D:\data\Documents\eurostep_data\step\10303-modules\stepmod2012\stepmod\publication\isopub\CR00011\part1000
     [xslt] Processing D:\data\Documents\eurostep_data\step\10303-modules\stepmod2012\stepmod\data\resource_docs\geometric_and_topological_representation\sys\isocover.xml to D:\data\Documents\eurostep_data\step\10303-modules\stepmod2012\stepmod\publication\isopub\CR00011\part1000\data\resource_docs\geometric_and_topological_representation\sys\isocover.htm
     [xslt] Loading stylesheet D:\data\Documents\eurostep_data\step\10303-modules\stepmod2012\stepmod\xsl\res_doc\sect_isocover.xsl
     [xslt] Processing D:\data\Documents\eurostep_data\step\10303-modules\stepmod2012\stepmod\data\resource_docs\representation_structures\sys\isocover.xml to D:\data\Documents\eurostep_data\step\10303-modules\stepmod2012\stepmod\publication\isopub\CR00011\part1000\data\resource_docs\representation_structures\sys\isocover.htm
     [move] Moving 2 files to D:\data\Documents\eurostep_data\step\10303-modules\stepmod2012\stepmod\publication\isopub\CR00011\part1000
     [xslt] Transforming into D:\data\Documents\eurostep_data\step\10303-modules\stepmod2012\stepmod\publication\isopub\CR00011\part1000
     [xslt] Transforming into D:\data\Documents\eurostep_data\step\10303-modules\stepmod2012\stepmod\publication\isopub\CR00011\part1000
     [xslt] Transforming into D:\data\Documents\eurostep_data\step\10303-modules\stepmod2012\stepmod\publication\isopub\CR00011\part1000
     [xslt] Transforming into D:\data\Documents\eurostep_data\step\10303-modules\stepmod2012\stepmod\publication\isopub\CR00011\part1000

publish_isoresdocs:

isomodules:
     [xslt] Transforming into D:\data\Documents\eurostep_data\step\10303-modules\stepmod2012\stepmod\publication\isopub\CR00011\part1000
     [xslt] Transforming into D:\data\Documents\eurostep_data\step\10303-modules\stepmod2012\stepmod\publication\isopub\CR00011\part1000
     [xslt] Transforming into D:\data\Documents\eurostep_data\step\10303-modules\stepmod2012\stepmod\publication\isopub\CR00011\part1000
     [xslt] Transforming into D:\data\Documents\eurostep_data\step\10303-modules\stepmod2012\stepmod\publication\isopub\CR00011\part1000
     [xslt] Transforming into D:\data\Documents\eurostep_data\step\10303-modules\stepmod2012\stepmod\publication\isopub\CR00011\part1000
     [xslt] Transforming into D:\data\Documents\eurostep_data\step\10303-modules\stepmod2012\stepmod\publication\isopub\CR00011\part1000
     [xslt] Transforming into D:\data\Documents\eurostep_data\step\10303-modules\stepmod2012\stepmod\publication\isopub\CR00011\part1000
     [xslt] Transforming into D:\data\Documents\eurostep_data\step\10303-modules\stepmod2012\stepmod\publication\isopub\CR00011\part1000
     [xslt] Transforming into D:\data\Documents\eurostep_data\step\10303-modules\stepmod2012\stepmod\publication\isopub\CR00011\part1000
     [xslt] Transforming into D:\data\Documents\eurostep_data\step\10303-modules\stepmod2012\stepmod\publication\isopub\CR00011\part1000
     [xslt] Transforming into D:\data\Documents\eurostep_data\step\10303-modules\stepmod2012\stepmod\publication\isopub\CR00011\part1000
     [xslt] Transforming into D:\data\Documents\eurostep_data\step\10303-modules\stepmod2012\stepmod\publication\isopub\CR00011\part1000
     [xslt] Transforming into D:\data\Documents\eurostep_data\step\10303-modules\stepmod2012\stepmod\publication\isopub\CR00011\part1000
     [xslt] Transforming into D:\data\Documents\eurostep_data\step\10303-modules\stepmod2012\stepmod\publication\isopub\CR00011\part1000
     [xslt] Transforming into D:\data\Documents\eurostep_data\step\10303-modules\stepmod2012\stepmod\publication\isopub\CR00011\part1000
     [xslt] Transforming into D:\data\Documents\eurostep_data\step\10303-modules\stepmod2012\stepmod\publication\isopub\CR00011\part1000
     [xslt] Transforming into D:\data\Documents\eurostep_data\step\10303-modules\stepmod2012\stepmod\publication\isopub\CR00011\part1000
     [xslt] Transforming into D:\data\Documents\eurostep_data\step\10303-modules\stepmod2012\stepmod\publication\isopub\CR00011\part1000
     [xslt] Processing D:\data\Documents\eurostep_data\step\10303-modules\stepmod2012\stepmod\data\modules\advanced_boundary_representation\sys\isocover.xml to D:\data\Documents\eurostep_data\step\10303-modules\stepmod2012\stepmod\publication\isopub\CR00011\part1000\data\modules\advanced_boundary_representation\sys\isocover.htm
     [xslt] Loading stylesheet D:\data\Documents\eurostep_data\step\10303-modules\stepmod2012\stepmod\xsl\sect_isocover.xsl
     [xslt] Processing D:\data\Documents\eurostep_data\step\10303-modules\stepmod2012\stepmod\data\modules\altered_package\sys\isocover.xml to D:\data\Documents\eurostep_data\step\10303-modules\stepmod2012\stepmod\publication\isopub\CR00011\part1000\data\modules\altered_package\sys\isocover.htm
     [xslt] Processing D:\data\Documents\eurostep_data\step\10303-modules\stepmod2012\stepmod\data\modules\ap209_multidisciplinary_analysis_and_design\sys\isocover.xml to D:\data\Documents\eurostep_data\step\10303-modules\stepmod2012\stepmod\publication\isopub\CR00011\part1000\data\modules\ap209_multidisciplinary_analysis_and_design\sys\isocover.htm
     [xslt] Processing D:\data\Documents\eurostep_data\step\10303-modules\stepmod2012\stepmod\data\modules\ap210_electronic_assembly_interconnect_and_packaging_design\sys\isocover.xml to D:\data\Documents\eurostep_data\step\10303-modules\stepmod2012\stepmod\publication\isopub\CR00011\part1000\data\modules\ap210_electronic_assembly_interconnect_and_packaging_design\sys\isocover.htm
     [xslt] Processing D:\data\Documents\eurostep_data\step\10303-modules\stepmod2012\stepmod\data\modules\ap242_managed_model_based_3d_engineering\sys\isocover.xml to D:\data\Documents\eurostep_data\step\10303-modules\stepmod2012\stepmod\publication\isopub\CR00011\part1000\data\modules\ap242_managed_model_based_3d_engineering\sys\isocover.htm
     [xslt] Processing D:\data\Documents\eurostep_data\step\10303-modules\stepmod2012\stepmod\data\modules\approval\sys\isocover.xml to D:\data\Documents\eurostep_data\step\10303-modules\stepmod2012\stepmod\publication\isopub\CR00011\part1000\data\modules\approval\sys\isocover.htm
     [xslt] Processing D:\data\Documents\eurostep_data\step\10303-modules\stepmod2012\stepmod\data\modules\assembly_component\sys\isocover.xml to D:\data\Documents\eurostep_data\step\10303-modules\stepmod2012\stepmod\publication\isopub\CR00011\part1000\data\modules\assembly_component\sys\isocover.htm
     [xslt] Processing D:\data\Documents\eurostep_data\step\10303-modules\stepmod2012\stepmod\data\modules\assembly_component_placement_requirements\sys\isocover.xml to D:\data\Documents\eurostep_data\step\10303-modules\stepmod2012\stepmod\publication\isopub\CR00011\part1000\data\modules\assembly_component_placement_requirements\sys\isocover.htm
     [xslt] Processing D:\data\Documents\eurostep_data\step\10303-modules\stepmod2012\stepmod\data\modules\assembly_feature_relationship\sys\isocover.xml to D:\data\Documents\eurostep_data\step\10303-modules\stepmod2012\stepmod\publication\isopub\CR00011\part1000\data\modules\assembly_feature_relationship\sys\isocover.htm
     [xslt] Processing D:\data\Documents\eurostep_data\step\10303-modules\stepmod2012\stepmod\data\modules\assembly_functional_interface_requirement\sys\isocover.xml to D:\data\Documents\eurostep_data\step\10303-modules\stepmod2012\stepmod\publication\isopub\CR00011\part1000\data\modules\assembly_functional_interface_requirement\sys\isocover.htm
     [xslt] Processing D:\data\Documents\eurostep_data\step\10303-modules\stepmod2012\stepmod\data\modules\assembly_module_design\sys\isocover.xml to D:\data\Documents\eurostep_data\step\10303-modules\stepmod2012\stepmod\publication\isopub\CR00011\part1000\data\modules\assembly_module_design\sys\isocover.htm
     [xslt] Processing D:\data\Documents\eurostep_data\step\10303-modules\stepmod2012\stepmod\data\modules\assembly_module_usage_view\sys\isocover.xml to D:\data\Documents\eurostep_data\step\10303-modules\stepmod2012\stepmod\publication\isopub\CR00011\part1000\data\modules\assembly_module_usage_view\sys\isocover.htm
     [xslt] Processing D:\data\Documents\eurostep_data\step\10303-modules\stepmod2012\stepmod\data\modules\assembly_module_with_cable_component\sys\isocover.xml to D:\data\Documents\eurostep_data\step\10303-modules\stepmod2012\stepmod\publication\isopub\CR00011\part1000\data\modules\assembly_module_with_cable_component\sys\isocover.htm
     [xslt] Processing D:\data\Documents\eurostep_data\step\10303-modules\stepmod2012\stepmod\data\modules\assembly_module_with_cable_component_2d\sys\isocover.xml to D:\data\Documents\eurostep_data\step\10303-modules\stepmod2012\stepmod\publication\isopub\CR00011\part1000\data\modules\assembly_module_with_cable_component_2d\sys\isocover.htm
     [xslt] Processing D:\data\Documents\eurostep_data\step\10303-modules\stepmod2012\stepmod\data\modules\assembly_module_with_cable_component_3d\sys\isocover.xml to D:\data\Documents\eurostep_data\step\10303-modules\stepmod2012\stepmod\publication\isopub\CR00011\part1000\data\modules\assembly_module_with_cable_component_3d\sys\isocover.htm
     [xslt] Processing D:\data\Documents\eurostep_data\step\10303-modules\stepmod2012\stepmod\data\modules\assembly_module_with_interconnect_component\sys\isocover.xml to D:\data\Documents\eurostep_data\step\10303-modules\stepmod2012\stepmod\publication\isopub\CR00011\part1000\data\modules\assembly_module_with_interconnect_component\sys\isocover.htm
     [xslt] Processing D:\data\Documents\eurostep_data\step\10303-modules\stepmod2012\stepmod\data\modules\assembly_module_with_macro_component\sys\isocover.xml to D:\data\Documents\eurostep_data\step\10303-modules\stepmod2012\stepmod\publication\isopub\CR00011\part1000\data\modules\assembly_module_with_macro_component\sys\isocover.htm
     [xslt] Processing D:\data\Documents\eurostep_data\step\10303-modules\stepmod2012\stepmod\data\modules\assembly_module_with_packaged_component\sys\isocover.xml to D:\data\Documents\eurostep_data\step\10303-modules\stepmod2012\stepmod\publication\isopub\CR00011\part1000\data\modules\assembly_module_with_packaged_component\sys\isocover.htm
     [xslt] Processing D:\data\Documents\eurostep_data\step\10303-modules\stepmod2012\stepmod\data\modules\assembly_module_with_packaged_connector_component\sys\isocover.xml to D:\data\Documents\eurostep_data\step\10303-modules\stepmod2012\stepmod\publication\isopub\CR00011\part1000\data\modules\assembly_module_with_packaged_connector_component\sys\isocover.htm
     [xslt] Processing D:\data\Documents\eurostep_data\step\10303-modules\stepmod2012\stepmod\data\modules\assembly_module_with_subassembly\sys\isocover.xml to D:\data\Documents\eurostep_data\step\10303-modules\stepmod2012\stepmod\publication\isopub\CR00011\part1000\data\modules\assembly_module_with_subassembly\sys\isocover.htm
     [xslt] Processing D:\data\Documents\eurostep_data\step\10303-modules\stepmod2012\stepmod\data\modules\assembly_physical_requirement_allocation\sys\isocover.xml to D:\data\Documents\eurostep_data\step\10303-modules\stepmod2012\stepmod\publication\isopub\CR00011\part1000\data\modules\assembly_physical_requirement_allocation\sys\isocover.htm
     [xslt] Processing D:\data\Documents\eurostep_data\step\10303-modules\stepmod2012\stepmod\data\modules\assembly_shape\sys\isocover.xml to D:\data\Documents\eurostep_data\step\10303-modules\stepmod2012\stepmod\publication\isopub\CR00011\part1000\data\modules\assembly_shape\sys\isocover.htm
     [xslt] Processing D:\data\Documents\eurostep_data\step\10303-modules\stepmod2012\stepmod\data\modules\assembly_structure\sys\isocover.xml to D:\data\Documents\eurostep_data\step\10303-modules\stepmod2012\stepmod\publication\isopub\CR00011\part1000\data\modules\assembly_structure\sys\isocover.htm
     [xslt] Processing D:\data\Documents\eurostep_data\step\10303-modules\stepmod2012\stepmod\data\modules\assembly_technology\sys\isocover.xml to D:\data\Documents\eurostep_data\step\10303-modules\stepmod2012\stepmod\publication\isopub\CR00011\part1000\data\modules\assembly_technology\sys\isocover.htm
     [xslt] Processing D:\data\Documents\eurostep_data\step\10303-modules\stepmod2012\stepmod\data\modules\associative_draughting_elements\sys\isocover.xml to D:\data\Documents\eurostep_data\step\10303-modules\stepmod2012\stepmod\publication\isopub\CR00011\part1000\data\modules\associative_draughting_elements\sys\isocover.htm
     [xslt] Processing D:\data\Documents\eurostep_data\step\10303-modules\stepmod2012\stepmod\data\modules\bare_die\sys\isocover.xml to D:\data\Documents\eurostep_data\step\10303-modules\stepmod2012\stepmod\publication\isopub\CR00011\part1000\data\modules\bare_die\sys\isocover.htm
     [xslt] Processing D:\data\Documents\eurostep_data\step\10303-modules\stepmod2012\stepmod\data\modules\basic_geometric_topology\sys\isocover.xml to D:\data\Documents\eurostep_data\step\10303-modules\stepmod2012\stepmod\publication\isopub\CR00011\part1000\data\modules\basic_geometric_topology\sys\isocover.htm
     [xslt] Processing D:\data\Documents\eurostep_data\step\10303-modules\stepmod2012\stepmod\data\modules\basic_geometry\sys\isocover.xml to D:\data\Documents\eurostep_data\step\10303-modules\stepmod2012\stepmod\publication\isopub\CR00011\part1000\data\modules\basic_geometry\sys\isocover.htm
     [xslt] Processing D:\data\Documents\eurostep_data\step\10303-modules\stepmod2012\stepmod\data\modules\cable\sys\isocover.xml to D:\data\Documents\eurostep_data\step\10303-modules\stepmod2012\stepmod\publication\isopub\CR00011\part1000\data\modules\cable\sys\isocover.htm
     [xslt] Processing D:\data\Documents\eurostep_data\step\10303-modules\stepmod2012\stepmod\data\modules\change_management\sys\isocover.xml to D:\data\Documents\eurostep_data\step\10303-modules\stepmod2012\stepmod\publication\isopub\CR00011\part1000\data\modules\change_management\sys\isocover.htm
     [xslt] Processing D:\data\Documents\eurostep_data\step\10303-modules\stepmod2012\stepmod\data\modules\characteristic\sys\isocover.xml to D:\data\Documents\eurostep_data\step\10303-modules\stepmod2012\stepmod\publication\isopub\CR00011\part1000\data\modules\characteristic\sys\isocover.htm
     [xslt] Processing D:\data\Documents\eurostep_data\step\10303-modules\stepmod2012\stepmod\data\modules\characterizable_object\sys\isocover.xml to D:\data\Documents\eurostep_data\step\10303-modules\stepmod2012\stepmod\publication\isopub\CR00011\part1000\data\modules\characterizable_object\sys\isocover.htm
     [xslt] Processing D:\data\Documents\eurostep_data\step\10303-modules\stepmod2012\stepmod\data\modules\classification_with_attributes\sys\isocover.xml to D:\data\Documents\eurostep_data\step\10303-modules\stepmod2012\stepmod\publication\isopub\CR00011\part1000\data\modules\classification_with_attributes\sys\isocover.htm
     [xslt] Processing D:\data\Documents\eurostep_data\step\10303-modules\stepmod2012\stepmod\data\modules\component_feature\sys\isocover.xml to D:\data\Documents\eurostep_data\step\10303-modules\stepmod2012\stepmod\publication\isopub\CR00011\part1000\data\modules\component_feature\sys\isocover.htm
     [xslt] Processing D:\data\Documents\eurostep_data\step\10303-modules\stepmod2012\stepmod\data\modules\component_grouping\sys\isocover.xml to D:\data\Documents\eurostep_data\step\10303-modules\stepmod2012\stepmod\publication\isopub\CR00011\part1000\data\modules\component_grouping\sys\isocover.htm
     [xslt] Processing D:\data\Documents\eurostep_data\step\10303-modules\stepmod2012\stepmod\data\modules\composite_constituent_shape\sys\isocover.xml to D:\data\Documents\eurostep_data\step\10303-modules\stepmod2012\stepmod\publication\isopub\CR00011\part1000\data\modules\composite_constituent_shape\sys\isocover.htm
     [xslt] Processing D:\data\Documents\eurostep_data\step\10303-modules\stepmod2012\stepmod\data\modules\composite_surface\sys\isocover.xml to D:\data\Documents\eurostep_data\step\10303-modules\stepmod2012\stepmod\publication\isopub\CR00011\part1000\data\modules\composite_surface\sys\isocover.htm
     [xslt] Processing D:\data\Documents\eurostep_data\step\10303-modules\stepmod2012\stepmod\data\modules\construction_geometry\sys\isocover.xml to D:\data\Documents\eurostep_data\step\10303-modules\stepmod2012\stepmod\publication\isopub\CR00011\part1000\data\modules\construction_geometry\sys\isocover.htm
     [xslt] Processing D:\data\Documents\eurostep_data\step\10303-modules\stepmod2012\stepmod\data\modules\constructive_solid_geometry_2d\sys\isocover.xml to D:\data\Documents\eurostep_data\step\10303-modules\stepmod2012\stepmod\publication\isopub\CR00011\part1000\data\modules\constructive_solid_geometry_2d\sys\isocover.htm
     [xslt] Processing D:\data\Documents\eurostep_data\step\10303-modules\stepmod2012\stepmod\data\modules\contextual_shape_positioning\sys\isocover.xml to D:\data\Documents\eurostep_data\step\10303-modules\stepmod2012\stepmod\publication\isopub\CR00011\part1000\data\modules\contextual_shape_positioning\sys\isocover.htm
     [xslt] Processing D:\data\Documents\eurostep_data\step\10303-modules\stepmod2012\stepmod\data\modules\datum_difference_based_model\sys\isocover.xml to D:\data\Documents\eurostep_data\step\10303-modules\stepmod2012\stepmod\publication\isopub\CR00011\part1000\data\modules\datum_difference_based_model\sys\isocover.htm
     [xslt] Processing D:\data\Documents\eurostep_data\step\10303-modules\stepmod2012\stepmod\data\modules\default_setting_association\sys\isocover.xml to D:\data\Documents\eurostep_data\step\10303-modules\stepmod2012\stepmod\publication\isopub\CR00011\part1000\data\modules\default_setting_association\sys\isocover.htm
     [xslt] Processing D:\data\Documents\eurostep_data\step\10303-modules\stepmod2012\stepmod\data\modules\derived_shape_element\sys\isocover.xml to D:\data\Documents\eurostep_data\step\10303-modules\stepmod2012\stepmod\publication\isopub\CR00011\part1000\data\modules\derived_shape_element\sys\isocover.htm
     [xslt] Processing D:\data\Documents\eurostep_data\step\10303-modules\stepmod2012\stepmod\data\modules\design_material_aspects\sys\isocover.xml to D:\data\Documents\eurostep_data\step\10303-modules\stepmod2012\stepmod\publication\isopub\CR00011\part1000\data\modules\design_material_aspects\sys\isocover.htm
     [xslt] Processing D:\data\Documents\eurostep_data\step\10303-modules\stepmod2012\stepmod\data\modules\design_product_data_management\sys\isocover.xml to D:\data\Documents\eurostep_data\step\10303-modules\stepmod2012\stepmod\publication\isopub\CR00011\part1000\data\modules\design_product_data_management\sys\isocover.htm
     [xslt] Processing D:\data\Documents\eurostep_data\step\10303-modules\stepmod2012\stepmod\data\modules\design_specific_assignment_to_assembly_usage_view\sys\isocover.xml to D:\data\Documents\eurostep_data\step\10303-modules\stepmod2012\stepmod\publication\isopub\CR00011\part1000\data\modules\design_specific_assignment_to_assembly_usage_view\sys\isocover.htm
     [xslt] Processing D:\data\Documents\eurostep_data\step\10303-modules\stepmod2012\stepmod\data\modules\dimension_tolerance\sys\isocover.xml to D:\data\Documents\eurostep_data\step\10303-modules\stepmod2012\stepmod\publication\isopub\CR00011\part1000\data\modules\dimension_tolerance\sys\isocover.htm
     [xslt] Processing D:\data\Documents\eurostep_data\step\10303-modules\stepmod2012\stepmod\data\modules\discrete_shield\sys\isocover.xml to D:\data\Documents\eurostep_data\step\10303-modules\stepmod2012\stepmod\publication\isopub\CR00011\part1000\data\modules\discrete_shield\sys\isocover.htm
     [xslt] Processing D:\data\Documents\eurostep_data\step\10303-modules\stepmod2012\stepmod\data\modules\document_assignment\sys\isocover.xml to D:\data\Documents\eurostep_data\step\10303-modules\stepmod2012\stepmod\publication\isopub\CR00011\part1000\data\modules\document_assignment\sys\isocover.htm
     [xslt] Processing D:\data\Documents\eurostep_data\step\10303-modules\stepmod2012\stepmod\data\modules\draughting_element_specialisations\sys\isocover.xml to D:\data\Documents\eurostep_data\step\10303-modules\stepmod2012\stepmod\publication\isopub\CR00011\part1000\data\modules\draughting_element_specialisations\sys\isocover.htm
     [xslt] Processing D:\data\Documents\eurostep_data\step\10303-modules\stepmod2012\stepmod\data\modules\drawing_definition\sys\isocover.xml to D:\data\Documents\eurostep_data\step\10303-modules\stepmod2012\stepmod\publication\isopub\CR00011\part1000\data\modules\drawing_definition\sys\isocover.htm
     [xslt] Processing D:\data\Documents\eurostep_data\step\10303-modules\stepmod2012\stepmod\data\modules\edge_based_topological_representation_with_length\sys\isocover.xml to D:\data\Documents\eurostep_data\step\10303-modules\stepmod2012\stepmod\publication\isopub\CR00011\part1000\data\modules\edge_based_topological_representation_with_length\sys\isocover.htm
     [xslt] Processing D:\data\Documents\eurostep_data\step\10303-modules\stepmod2012\stepmod\data\modules\elemental_geometric_shape\sys\isocover.xml to D:\data\Documents\eurostep_data\step\10303-modules\stepmod2012\stepmod\publication\isopub\CR00011\part1000\data\modules\elemental_geometric_shape\sys\isocover.htm
     [xslt] Processing D:\data\Documents\eurostep_data\step\10303-modules\stepmod2012\stepmod\data\modules\elemental_topology\sys\isocover.xml to D:\data\Documents\eurostep_data\step\10303-modules\stepmod2012\stepmod\publication\isopub\CR00011\part1000\data\modules\elemental_topology\sys\isocover.htm
     [xslt] Processing D:\data\Documents\eurostep_data\step\10303-modules\stepmod2012\stepmod\data\modules\elementary_function\sys\isocover.xml to D:\data\Documents\eurostep_data\step\10303-modules\stepmod2012\stepmod\publication\isopub\CR00011\part1000\data\modules\elementary_function\sys\isocover.htm
     [xslt] Processing D:\data\Documents\eurostep_data\step\10303-modules\stepmod2012\stepmod\data\modules\event\sys\isocover.xml to D:\data\Documents\eurostep_data\step\10303-modules\stepmod2012\stepmod\publication\isopub\CR00011\part1000\data\modules\event\sys\isocover.htm
     [xslt] Processing D:\data\Documents\eurostep_data\step\10303-modules\stepmod2012\stepmod\data\modules\explicit_constraints\sys\isocover.xml to D:\data\Documents\eurostep_data\step\10303-modules\stepmod2012\stepmod\publication\isopub\CR00011\part1000\data\modules\explicit_constraints\sys\isocover.htm
     [xslt] Processing D:\data\Documents\eurostep_data\step\10303-modules\stepmod2012\stepmod\data\modules\external_unit\sys\isocover.xml to D:\data\Documents\eurostep_data\step\10303-modules\stepmod2012\stepmod\publication\isopub\CR00011\part1000\data\modules\external_unit\sys\isocover.htm
     [xslt] Processing D:\data\Documents\eurostep_data\step\10303-modules\stepmod2012\stepmod\data\modules\extruded_structure_cross_section\sys\isocover.xml to D:\data\Documents\eurostep_data\step\10303-modules\stepmod2012\stepmod\publication\isopub\CR00011\part1000\data\modules\extruded_structure_cross_section\sys\isocover.htm
     [xslt] Processing D:\data\Documents\eurostep_data\step\10303-modules\stepmod2012\stepmod\data\modules\fabrication_joint\sys\isocover.xml to D:\data\Documents\eurostep_data\step\10303-modules\stepmod2012\stepmod\publication\isopub\CR00011\part1000\data\modules\fabrication_joint\sys\isocover.htm
     [xslt] Processing D:\data\Documents\eurostep_data\step\10303-modules\stepmod2012\stepmod\data\modules\fabrication_technology\sys\isocover.xml to D:\data\Documents\eurostep_data\step\10303-modules\stepmod2012\stepmod\publication\isopub\CR00011\part1000\data\modules\fabrication_technology\sys\isocover.htm
     [xslt] Processing D:\data\Documents\eurostep_data\step\10303-modules\stepmod2012\stepmod\data\modules\fea_definition_relationships\sys\isocover.xml to D:\data\Documents\eurostep_data\step\10303-modules\stepmod2012\stepmod\publication\isopub\CR00011\part1000\data\modules\fea_definition_relationships\sys\isocover.htm
     [xslt] Processing D:\data\Documents\eurostep_data\step\10303-modules\stepmod2012\stepmod\data\modules\feature_and_connection_zone\sys\isocover.xml to D:\data\Documents\eurostep_data\step\10303-modules\stepmod2012\stepmod\publication\isopub\CR00011\part1000\data\modules\feature_and_connection_zone\sys\isocover.htm
     [xslt] Processing D:\data\Documents\eurostep_data\step\10303-modules\stepmod2012\stepmod\data\modules\footprint_definition\sys\isocover.xml to D:\data\Documents\eurostep_data\step\10303-modules\stepmod2012\stepmod\publication\isopub\CR00011\part1000\data\modules\footprint_definition\sys\isocover.htm
     [xslt] Processing D:\data\Documents\eurostep_data\step\10303-modules\stepmod2012\stepmod\data\modules\form_feature_in_panel\sys\isocover.xml to D:\data\Documents\eurostep_data\step\10303-modules\stepmod2012\stepmod\publication\isopub\CR00011\part1000\data\modules\form_feature_in_panel\sys\isocover.htm
     [xslt] Processing D:\data\Documents\eurostep_data\step\10303-modules\stepmod2012\stepmod\data\modules\functional_assignment_to_part\sys\isocover.xml to D:\data\Documents\eurostep_data\step\10303-modules\stepmod2012\stepmod\publication\isopub\CR00011\part1000\data\modules\functional_assignment_to_part\sys\isocover.htm
     [xslt] Processing D:\data\Documents\eurostep_data\step\10303-modules\stepmod2012\stepmod\data\modules\functional_specification\sys\isocover.xml to D:\data\Documents\eurostep_data\step\10303-modules\stepmod2012\stepmod\publication\isopub\CR00011\part1000\data\modules\functional_specification\sys\isocover.htm
     [xslt] Processing D:\data\Documents\eurostep_data\step\10303-modules\stepmod2012\stepmod\data\modules\functional_usage_view\sys\isocover.xml to D:\data\Documents\eurostep_data\step\10303-modules\stepmod2012\stepmod\publication\isopub\CR00011\part1000\data\modules\functional_usage_view\sys\isocover.htm
     [xslt] Processing D:\data\Documents\eurostep_data\step\10303-modules\stepmod2012\stepmod\data\modules\generic_material_aspects\sys\isocover.xml to D:\data\Documents\eurostep_data\step\10303-modules\stepmod2012\stepmod\publication\isopub\CR00011\part1000\data\modules\generic_material_aspects\sys\isocover.htm
     [xslt] Processing D:\data\Documents\eurostep_data\step\10303-modules\stepmod2012\stepmod\data\modules\geometric_constraints\sys\isocover.xml to D:\data\Documents\eurostep_data\step\10303-modules\stepmod2012\stepmod\publication\isopub\CR00011\part1000\data\modules\geometric_constraints\sys\isocover.htm
     [xslt] Processing D:\data\Documents\eurostep_data\step\10303-modules\stepmod2012\stepmod\data\modules\geometric_model_2d_3d_relationship\sys\isocover.xml to D:\data\Documents\eurostep_data\step\10303-modules\stepmod2012\stepmod\publication\isopub\CR00011\part1000\data\modules\geometric_model_2d_3d_relationship\sys\isocover.htm
     [xslt] Processing D:\data\Documents\eurostep_data\step\10303-modules\stepmod2012\stepmod\data\modules\geometric_tolerance\sys\isocover.xml to D:\data\Documents\eurostep_data\step\10303-modules\stepmod2012\stepmod\publication\isopub\CR00011\part1000\data\modules\geometric_tolerance\sys\isocover.htm
     [xslt] Processing D:\data\Documents\eurostep_data\step\10303-modules\stepmod2012\stepmod\data\modules\geometrically_bounded_surface\sys\isocover.xml to D:\data\Documents\eurostep_data\step\10303-modules\stepmod2012\stepmod\publication\isopub\CR00011\part1000\data\modules\geometrically_bounded_surface\sys\isocover.htm
     [xslt] Processing D:\data\Documents\eurostep_data\step\10303-modules\stepmod2012\stepmod\data\modules\incomplete_data_reference_mechanism\sys\isocover.xml to D:\data\Documents\eurostep_data\step\10303-modules\stepmod2012\stepmod\publication\isopub\CR00011\part1000\data\modules\incomplete_data_reference_mechanism\sys\isocover.htm
     [xslt] Processing D:\data\Documents\eurostep_data\step\10303-modules\stepmod2012\stepmod\data\modules\inertia_characteristics\sys\isocover.xml to D:\data\Documents\eurostep_data\step\10303-modules\stepmod2012\stepmod\publication\isopub\CR00011\part1000\data\modules\inertia_characteristics\sys\isocover.htm
     [xslt] Processing D:\data\Documents\eurostep_data\step\10303-modules\stepmod2012\stepmod\data\modules\interconnect_2d_shape\sys\isocover.xml to D:\data\Documents\eurostep_data\step\10303-modules\stepmod2012\stepmod\publication\isopub\CR00011\part1000\data\modules\interconnect_2d_shape\sys\isocover.htm
     [xslt] Processing D:\data\Documents\eurostep_data\step\10303-modules\stepmod2012\stepmod\data\modules\interconnect_module_to_assembly_module_relationship\sys\isocover.xml to D:\data\Documents\eurostep_data\step\10303-modules\stepmod2012\stepmod\publication\isopub\CR00011\part1000\data\modules\interconnect_module_to_assembly_module_relationship\sys\isocover.htm
     [xslt] Processing D:\data\Documents\eurostep_data\step\10303-modules\stepmod2012\stepmod\data\modules\interconnect_module_usage_view\sys\isocover.xml to D:\data\Documents\eurostep_data\step\10303-modules\stepmod2012\stepmod\publication\isopub\CR00011\part1000\data\modules\interconnect_module_usage_view\sys\isocover.htm
     [xslt] Processing D:\data\Documents\eurostep_data\step\10303-modules\stepmod2012\stepmod\data\modules\interconnect_module_with_macros\sys\isocover.xml to D:\data\Documents\eurostep_data\step\10303-modules\stepmod2012\stepmod\publication\isopub\CR00011\part1000\data\modules\interconnect_module_with_macros\sys\isocover.htm
     [xslt] Processing D:\data\Documents\eurostep_data\step\10303-modules\stepmod2012\stepmod\data\modules\interconnect_physical_requirement_allocation\sys\isocover.xml to D:\data\Documents\eurostep_data\step\10303-modules\stepmod2012\stepmod\publication\isopub\CR00011\part1000\data\modules\interconnect_physical_requirement_allocation\sys\isocover.htm
     [xslt] Processing D:\data\Documents\eurostep_data\step\10303-modules\stepmod2012\stepmod\data\modules\interconnect_placement_requirements\sys\isocover.xml to D:\data\Documents\eurostep_data\step\10303-modules\stepmod2012\stepmod\publication\isopub\CR00011\part1000\data\modules\interconnect_placement_requirements\sys\isocover.htm
     [xslt] Processing D:\data\Documents\eurostep_data\step\10303-modules\stepmod2012\stepmod\data\modules\interface_component\sys\isocover.xml to D:\data\Documents\eurostep_data\step\10303-modules\stepmod2012\stepmod\publication\isopub\CR00011\part1000\data\modules\interface_component\sys\isocover.htm
     [xslt] Processing D:\data\Documents\eurostep_data\step\10303-modules\stepmod2012\stepmod\data\modules\kinematic_motion_representation\sys\isocover.xml to D:\data\Documents\eurostep_data\step\10303-modules\stepmod2012\stepmod\publication\isopub\CR00011\part1000\data\modules\kinematic_motion_representation\sys\isocover.htm
     [xslt] Processing D:\data\Documents\eurostep_data\step\10303-modules\stepmod2012\stepmod\data\modules\kinematic_state\sys\isocover.xml to D:\data\Documents\eurostep_data\step\10303-modules\stepmod2012\stepmod\publication\isopub\CR00011\part1000\data\modules\kinematic_state\sys\isocover.htm
     [xslt] Processing D:\data\Documents\eurostep_data\step\10303-modules\stepmod2012\stepmod\data\modules\kinematic_structure\sys\isocover.xml to D:\data\Documents\eurostep_data\step\10303-modules\stepmod2012\stepmod\publication\isopub\CR00011\part1000\data\modules\kinematic_structure\sys\isocover.htm
     [xslt] Processing D:\data\Documents\eurostep_data\step\10303-modules\stepmod2012\stepmod\data\modules\land\sys\isocover.xml to D:\data\Documents\eurostep_data\step\10303-modules\stepmod2012\stepmod\publication\isopub\CR00011\part1000\data\modules\land\sys\isocover.htm
     [xslt] Processing D:\data\Documents\eurostep_data\step\10303-modules\stepmod2012\stepmod\data\modules\layered_interconnect_complex_template\sys\isocover.xml to D:\data\Documents\eurostep_data\step\10303-modules\stepmod2012\stepmod\publication\isopub\CR00011\part1000\data\modules\layered_interconnect_complex_template\sys\isocover.htm
     [xslt] Processing D:\data\Documents\eurostep_data\step\10303-modules\stepmod2012\stepmod\data\modules\layered_interconnect_module_3d_design\sys\isocover.xml to D:\data\Documents\eurostep_data\step\10303-modules\stepmod2012\stepmod\publication\isopub\CR00011\part1000\data\modules\layered_interconnect_module_3d_design\sys\isocover.htm
     [xslt] Processing D:\data\Documents\eurostep_data\step\10303-modules\stepmod2012\stepmod\data\modules\layered_interconnect_module_design\sys\isocover.xml to D:\data\Documents\eurostep_data\step\10303-modules\stepmod2012\stepmod\publication\isopub\CR00011\part1000\data\modules\layered_interconnect_module_design\sys\isocover.htm
     [xslt] Processing D:\data\Documents\eurostep_data\step\10303-modules\stepmod2012\stepmod\data\modules\layered_interconnect_module_with_printed_component_design\sys\isocover.xml to D:\data\Documents\eurostep_data\step\10303-modules\stepmod2012\stepmod\publication\isopub\CR00011\part1000\data\modules\layered_interconnect_module_with_printed_component_design\sys\isocover.htm
     [xslt] Processing D:\data\Documents\eurostep_data\step\10303-modules\stepmod2012\stepmod\data\modules\layered_interconnect_simple_template\sys\isocover.xml to D:\data\Documents\eurostep_data\step\10303-modules\stepmod2012\stepmod\publication\isopub\CR00011\part1000\data\modules\layered_interconnect_simple_template\sys\isocover.htm
     [xslt] Processing D:\data\Documents\eurostep_data\step\10303-modules\stepmod2012\stepmod\data\modules\layout_macro_definition\sys\isocover.xml to D:\data\Documents\eurostep_data\step\10303-modules\stepmod2012\stepmod\publication\isopub\CR00011\part1000\data\modules\layout_macro_definition\sys\isocover.htm
     [xslt] Processing D:\data\Documents\eurostep_data\step\10303-modules\stepmod2012\stepmod\data\modules\machining_features\sys\isocover.xml to D:\data\Documents\eurostep_data\step\10303-modules\stepmod2012\stepmod\publication\isopub\CR00011\part1000\data\modules\machining_features\sys\isocover.htm
     [xslt] Processing D:\data\Documents\eurostep_data\step\10303-modules\stepmod2012\stepmod\data\modules\manifold_subsurface\sys\isocover.xml to D:\data\Documents\eurostep_data\step\10303-modules\stepmod2012\stepmod\publication\isopub\CR00011\part1000\data\modules\manifold_subsurface\sys\isocover.htm
     [xslt] Processing D:\data\Documents\eurostep_data\step\10303-modules\stepmod2012\stepmod\data\modules\manifold_surface\sys\isocover.xml to D:\data\Documents\eurostep_data\step\10303-modules\stepmod2012\stepmod\publication\isopub\CR00011\part1000\data\modules\manifold_surface\sys\isocover.htm
     [xslt] Processing D:\data\Documents\eurostep_data\step\10303-modules\stepmod2012\stepmod\data\modules\manufacturing_configuration_effectivity\sys\isocover.xml to D:\data\Documents\eurostep_data\step\10303-modules\stepmod2012\stepmod\publication\isopub\CR00011\part1000\data\modules\manufacturing_configuration_effectivity\sys\isocover.htm
     [xslt] Processing D:\data\Documents\eurostep_data\step\10303-modules\stepmod2012\stepmod\data\modules\mating_structure\sys\isocover.xml to D:\data\Documents\eurostep_data\step\10303-modules\stepmod2012\stepmod\publication\isopub\CR00011\part1000\data\modules\mating_structure\sys\isocover.htm
     [xslt] Processing D:\data\Documents\eurostep_data\step\10303-modules\stepmod2012\stepmod\data\modules\measure_representation\sys\isocover.xml to D:\data\Documents\eurostep_data\step\10303-modules\stepmod2012\stepmod\publication\isopub\CR00011\part1000\data\modules\measure_representation\sys\isocover.htm
     [xslt] Processing D:\data\Documents\eurostep_data\step\10303-modules\stepmod2012\stepmod\data\modules\mesh_topology\sys\isocover.xml to D:\data\Documents\eurostep_data\step\10303-modules\stepmod2012\stepmod\publication\isopub\CR00011\part1000\data\modules\mesh_topology\sys\isocover.htm
     [xslt] Processing D:\data\Documents\eurostep_data\step\10303-modules\stepmod2012\stepmod\data\modules\model_based_3d_geometrical_dimensioning_and_tolerancing_representation\sys\isocover.xml to D:\data\Documents\eurostep_data\step\10303-modules\stepmod2012\stepmod\publication\isopub\CR00011\part1000\data\modules\model_based_3d_geometrical_dimensioning_and_tolerancing_representation\sys\isocover.htm
     [xslt] Processing D:\data\Documents\eurostep_data\step\10303-modules\stepmod2012\stepmod\data\modules\model_parameter\sys\isocover.xml to D:\data\Documents\eurostep_data\step\10303-modules\stepmod2012\stepmod\publication\isopub\CR00011\part1000\data\modules\model_parameter\sys\isocover.htm
     [xslt] Processing D:\data\Documents\eurostep_data\step\10303-modules\stepmod2012\stepmod\data\modules\network_functional_design_view\sys\isocover.xml to D:\data\Documents\eurostep_data\step\10303-modules\stepmod2012\stepmod\publication\isopub\CR00011\part1000\data\modules\network_functional_design_view\sys\isocover.htm
     [xslt] Processing D:\data\Documents\eurostep_data\step\10303-modules\stepmod2012\stepmod\data\modules\non_feature_shape_element\sys\isocover.xml to D:\data\Documents\eurostep_data\step\10303-modules\stepmod2012\stepmod\publication\isopub\CR00011\part1000\data\modules\non_feature_shape_element\sys\isocover.htm
     [xslt] Processing D:\data\Documents\eurostep_data\step\10303-modules\stepmod2012\stepmod\data\modules\numeric_expression\sys\isocover.xml to D:\data\Documents\eurostep_data\step\10303-modules\stepmod2012\stepmod\publication\isopub\CR00011\part1000\data\modules\numeric_expression\sys\isocover.htm
     [xslt] Processing D:\data\Documents\eurostep_data\step\10303-modules\stepmod2012\stepmod\data\modules\numeric_function\sys\isocover.xml to D:\data\Documents\eurostep_data\step\10303-modules\stepmod2012\stepmod\publication\isopub\CR00011\part1000\data\modules\numeric_function\sys\isocover.htm
     [xslt] Processing D:\data\Documents\eurostep_data\step\10303-modules\stepmod2012\stepmod\data\modules\package\sys\isocover.xml to D:\data\Documents\eurostep_data\step\10303-modules\stepmod2012\stepmod\publication\isopub\CR00011\part1000\data\modules\package\sys\isocover.htm
     [xslt] Processing D:\data\Documents\eurostep_data\step\10303-modules\stepmod2012\stepmod\data\modules\packaged_connector_model\sys\isocover.xml to D:\data\Documents\eurostep_data\step\10303-modules\stepmod2012\stepmod\publication\isopub\CR00011\part1000\data\modules\packaged_connector_model\sys\isocover.htm
     [xslt] Processing D:\data\Documents\eurostep_data\step\10303-modules\stepmod2012\stepmod\data\modules\packaged_part_black_box_model\sys\isocover.xml to D:\data\Documents\eurostep_data\step\10303-modules\stepmod2012\stepmod\publication\isopub\CR00011\part1000\data\modules\packaged_part_black_box_model\sys\isocover.htm
     [xslt] Processing D:\data\Documents\eurostep_data\step\10303-modules\stepmod2012\stepmod\data\modules\packaged_part_white_box_model\sys\isocover.xml to D:\data\Documents\eurostep_data\step\10303-modules\stepmod2012\stepmod\publication\isopub\CR00011\part1000\data\modules\packaged_part_white_box_model\sys\isocover.htm
     [xslt] Processing D:\data\Documents\eurostep_data\step\10303-modules\stepmod2012\stepmod\data\modules\parameterization_and_variational_representation\sys\isocover.xml to D:\data\Documents\eurostep_data\step\10303-modules\stepmod2012\stepmod\publication\isopub\CR00011\part1000\data\modules\parameterization_and_variational_representation\sys\isocover.htm
     [xslt] Processing D:\data\Documents\eurostep_data\step\10303-modules\stepmod2012\stepmod\data\modules\parametric_representation\sys\isocover.xml to D:\data\Documents\eurostep_data\step\10303-modules\stepmod2012\stepmod\publication\isopub\CR00011\part1000\data\modules\parametric_representation\sys\isocover.htm
     [xslt] Processing D:\data\Documents\eurostep_data\step\10303-modules\stepmod2012\stepmod\data\modules\part_and_zone_laminate_tables\sys\isocover.xml to D:\data\Documents\eurostep_data\step\10303-modules\stepmod2012\stepmod\publication\isopub\CR00011\part1000\data\modules\part_and_zone_laminate_tables\sys\isocover.htm
     [xslt] Processing D:\data\Documents\eurostep_data\step\10303-modules\stepmod2012\stepmod\data\modules\part_external_reference\sys\isocover.xml to D:\data\Documents\eurostep_data\step\10303-modules\stepmod2012\stepmod\publication\isopub\CR00011\part1000\data\modules\part_external_reference\sys\isocover.htm
     [xslt] Processing D:\data\Documents\eurostep_data\step\10303-modules\stepmod2012\stepmod\data\modules\part_feature_function\sys\isocover.xml to D:\data\Documents\eurostep_data\step\10303-modules\stepmod2012\stepmod\publication\isopub\CR00011\part1000\data\modules\part_feature_function\sys\isocover.htm
     [xslt] Processing D:\data\Documents\eurostep_data\step\10303-modules\stepmod2012\stepmod\data\modules\part_feature_location\sys\isocover.xml to D:\data\Documents\eurostep_data\step\10303-modules\stepmod2012\stepmod\publication\isopub\CR00011\part1000\data\modules\part_feature_location\sys\isocover.htm
     [xslt] Processing D:\data\Documents\eurostep_data\step\10303-modules\stepmod2012\stepmod\data\modules\part_shape\sys\isocover.xml to D:\data\Documents\eurostep_data\step\10303-modules\stepmod2012\stepmod\publication\isopub\CR00011\part1000\data\modules\part_shape\sys\isocover.htm
     [xslt] Processing D:\data\Documents\eurostep_data\step\10303-modules\stepmod2012\stepmod\data\modules\part_template\sys\isocover.xml to D:\data\Documents\eurostep_data\step\10303-modules\stepmod2012\stepmod\publication\isopub\CR00011\part1000\data\modules\part_template\sys\isocover.htm
     [xslt] Processing D:\data\Documents\eurostep_data\step\10303-modules\stepmod2012\stepmod\data\modules\part_view_definition\sys\isocover.xml to D:\data\Documents\eurostep_data\step\10303-modules\stepmod2012\stepmod\publication\isopub\CR00011\part1000\data\modules\part_view_definition\sys\isocover.htm
     [xslt] Processing D:\data\Documents\eurostep_data\step\10303-modules\stepmod2012\stepmod\data\modules\physical_component_feature\sys\isocover.xml to D:\data\Documents\eurostep_data\step\10303-modules\stepmod2012\stepmod\publication\isopub\CR00011\part1000\data\modules\physical_component_feature\sys\isocover.htm
     [xslt] Processing D:\data\Documents\eurostep_data\step\10303-modules\stepmod2012\stepmod\data\modules\physical_connectivity_definition\sys\isocover.xml to D:\data\Documents\eurostep_data\step\10303-modules\stepmod2012\stepmod\publication\isopub\CR00011\part1000\data\modules\physical_connectivity_definition\sys\isocover.htm
     [xslt] Processing D:\data\Documents\eurostep_data\step\10303-modules\stepmod2012\stepmod\data\modules\physical_connectivity_layout_topology_requirement\sys\isocover.xml to D:\data\Documents\eurostep_data\step\10303-modules\stepmod2012\stepmod\publication\isopub\CR00011\part1000\data\modules\physical_connectivity_layout_topology_requirement\sys\isocover.htm
     [xslt] Processing D:\data\Documents\eurostep_data\step\10303-modules\stepmod2012\stepmod\data\modules\physical_node_requirement_to_implementing_component_allocation\sys\isocover.xml to D:\data\Documents\eurostep_data\step\10303-modules\stepmod2012\stepmod\publication\isopub\CR00011\part1000\data\modules\physical_node_requirement_to_implementing_component_allocation\sys\isocover.htm
     [xslt] Processing D:\data\Documents\eurostep_data\step\10303-modules\stepmod2012\stepmod\data\modules\physical_unit_2d_shape\sys\isocover.xml to D:\data\Documents\eurostep_data\step\10303-modules\stepmod2012\stepmod\publication\isopub\CR00011\part1000\data\modules\physical_unit_2d_shape\sys\isocover.htm
     [xslt] Processing D:\data\Documents\eurostep_data\step\10303-modules\stepmod2012\stepmod\data\modules\physical_unit_3d_shape\sys\isocover.xml to D:\data\Documents\eurostep_data\step\10303-modules\stepmod2012\stepmod\publication\isopub\CR00011\part1000\data\modules\physical_unit_3d_shape\sys\isocover.htm
     [xslt] Processing D:\data\Documents\eurostep_data\step\10303-modules\stepmod2012\stepmod\data\modules\physical_unit_design_view\sys\isocover.xml to D:\data\Documents\eurostep_data\step\10303-modules\stepmod2012\stepmod\publication\isopub\CR00011\part1000\data\modules\physical_unit_design_view\sys\isocover.htm
     [xslt] Processing D:\data\Documents\eurostep_data\step\10303-modules\stepmod2012\stepmod\data\modules\physical_unit_usage_view\sys\isocover.xml to D:\data\Documents\eurostep_data\step\10303-modules\stepmod2012\stepmod\publication\isopub\CR00011\part1000\data\modules\physical_unit_usage_view\sys\isocover.htm
     [xslt] Processing D:\data\Documents\eurostep_data\step\10303-modules\stepmod2012\stepmod\data\modules\planned_characteristic\sys\isocover.xml to D:\data\Documents\eurostep_data\step\10303-modules\stepmod2012\stepmod\publication\isopub\CR00011\part1000\data\modules\planned_characteristic\sys\isocover.htm
     [xslt] Processing D:\data\Documents\eurostep_data\step\10303-modules\stepmod2012\stepmod\data\modules\ply_orientation_specification\sys\isocover.xml to D:\data\Documents\eurostep_data\step\10303-modules\stepmod2012\stepmod\publication\isopub\CR00011\part1000\data\modules\ply_orientation_specification\sys\isocover.htm
     [xslt] Processing D:\data\Documents\eurostep_data\step\10303-modules\stepmod2012\stepmod\data\modules\point_direction_model\sys\isocover.xml to D:\data\Documents\eurostep_data\step\10303-modules\stepmod2012\stepmod\publication\isopub\CR00011\part1000\data\modules\point_direction_model\sys\isocover.htm
     [xslt] Processing D:\data\Documents\eurostep_data\step\10303-modules\stepmod2012\stepmod\data\modules\pre_defined_datum_2d_symbol\sys\isocover.xml to D:\data\Documents\eurostep_data\step\10303-modules\stepmod2012\stepmod\publication\isopub\CR00011\part1000\data\modules\pre_defined_datum_2d_symbol\sys\isocover.htm
     [xslt] Processing D:\data\Documents\eurostep_data\step\10303-modules\stepmod2012\stepmod\data\modules\pre_defined_datum_3d_symbol\sys\isocover.xml to D:\data\Documents\eurostep_data\step\10303-modules\stepmod2012\stepmod\publication\isopub\CR00011\part1000\data\modules\pre_defined_datum_3d_symbol\sys\isocover.htm
     [xslt] Processing D:\data\Documents\eurostep_data\step\10303-modules\stepmod2012\stepmod\data\modules\primitive_solids\sys\isocover.xml to D:\data\Documents\eurostep_data\step\10303-modules\stepmod2012\stepmod\publication\isopub\CR00011\part1000\data\modules\primitive_solids\sys\isocover.htm
     [xslt] Processing D:\data\Documents\eurostep_data\step\10303-modules\stepmod2012\stepmod\data\modules\printed_physical_layout_template\sys\isocover.xml to D:\data\Documents\eurostep_data\step\10303-modules\stepmod2012\stepmod\publication\isopub\CR00011\part1000\data\modules\printed_physical_layout_template\sys\isocover.htm
     [xslt] Processing D:\data\Documents\eurostep_data\step\10303-modules\stepmod2012\stepmod\data\modules\procedural_solid_model\sys\isocover.xml to D:\data\Documents\eurostep_data\step\10303-modules\stepmod2012\stepmod\publication\isopub\CR00011\part1000\data\modules\procedural_solid_model\sys\isocover.htm
     [xslt] Processing D:\data\Documents\eurostep_data\step\10303-modules\stepmod2012\stepmod\data\modules\process_plan\sys\isocover.xml to D:\data\Documents\eurostep_data\step\10303-modules\stepmod2012\stepmod\publication\isopub\CR00011\part1000\data\modules\process_plan\sys\isocover.htm
     [xslt] Processing D:\data\Documents\eurostep_data\step\10303-modules\stepmod2012\stepmod\data\modules\product_and_manufacturing_annotation_presentation\sys\isocover.xml to D:\data\Documents\eurostep_data\step\10303-modules\stepmod2012\stepmod\publication\isopub\CR00011\part1000\data\modules\product_and_manufacturing_annotation_presentation\sys\isocover.htm
     [xslt] Processing D:\data\Documents\eurostep_data\step\10303-modules\stepmod2012\stepmod\data\modules\product_and_manufacturing_information_with_nominal_3d_models\sys\isocover.xml to D:\data\Documents\eurostep_data\step\10303-modules\stepmod2012\stepmod\publication\isopub\CR00011\part1000\data\modules\product_and_manufacturing_information_with_nominal_3d_models\sys\isocover.htm
     [xslt] Processing D:\data\Documents\eurostep_data\step\10303-modules\stepmod2012\stepmod\data\modules\product_as_individual_assembly_and_test\sys\isocover.xml to D:\data\Documents\eurostep_data\step\10303-modules\stepmod2012\stepmod\publication\isopub\CR00011\part1000\data\modules\product_as_individual_assembly_and_test\sys\isocover.htm
     [xslt] Processing D:\data\Documents\eurostep_data\step\10303-modules\stepmod2012\stepmod\data\modules\product_breakdown\sys\isocover.xml to D:\data\Documents\eurostep_data\step\10303-modules\stepmod2012\stepmod\publication\isopub\CR00011\part1000\data\modules\product_breakdown\sys\isocover.htm
     [xslt] Processing D:\data\Documents\eurostep_data\step\10303-modules\stepmod2012\stepmod\data\modules\product_class\sys\isocover.xml to D:\data\Documents\eurostep_data\step\10303-modules\stepmod2012\stepmod\publication\isopub\CR00011\part1000\data\modules\product_class\sys\isocover.htm
     [xslt] Processing D:\data\Documents\eurostep_data\step\10303-modules\stepmod2012\stepmod\data\modules\product_data_management\sys\isocover.xml to D:\data\Documents\eurostep_data\step\10303-modules\stepmod2012\stepmod\publication\isopub\CR00011\part1000\data\modules\product_data_management\sys\isocover.htm
     [xslt] Processing D:\data\Documents\eurostep_data\step\10303-modules\stepmod2012\stepmod\data\modules\product_data_quality_criteria\sys\isocover.xml to D:\data\Documents\eurostep_data\step\10303-modules\stepmod2012\stepmod\publication\isopub\CR00011\part1000\data\modules\product_data_quality_criteria\sys\isocover.htm
     [xslt] Processing D:\data\Documents\eurostep_data\step\10303-modules\stepmod2012\stepmod\data\modules\product_data_quality_definition\sys\isocover.xml to D:\data\Documents\eurostep_data\step\10303-modules\stepmod2012\stepmod\publication\isopub\CR00011\part1000\data\modules\product_data_quality_definition\sys\isocover.htm
     [xslt] Processing D:\data\Documents\eurostep_data\step\10303-modules\stepmod2012\stepmod\data\modules\product_data_quality_inspection_result\sys\isocover.xml to D:\data\Documents\eurostep_data\step\10303-modules\stepmod2012\stepmod\publication\isopub\CR00011\part1000\data\modules\product_data_quality_inspection_result\sys\isocover.htm
     [xslt] Processing D:\data\Documents\eurostep_data\step\10303-modules\stepmod2012\stepmod\data\modules\product_occurrence\sys\isocover.xml to D:\data\Documents\eurostep_data\step\10303-modules\stepmod2012\stepmod\publication\isopub\CR00011\part1000\data\modules\product_occurrence\sys\isocover.htm
     [xslt] Processing D:\data\Documents\eurostep_data\step\10303-modules\stepmod2012\stepmod\data\modules\product_placement\sys\isocover.xml to D:\data\Documents\eurostep_data\step\10303-modules\stepmod2012\stepmod\publication\isopub\CR00011\part1000\data\modules\product_placement\sys\isocover.htm
     [xslt] Processing D:\data\Documents\eurostep_data\step\10303-modules\stepmod2012\stepmod\data\modules\product_view_definition\sys\isocover.xml to D:\data\Documents\eurostep_data\step\10303-modules\stepmod2012\stepmod\publication\isopub\CR00011\part1000\data\modules\product_view_definition\sys\isocover.htm
     [xslt] Processing D:\data\Documents\eurostep_data\step\10303-modules\stepmod2012\stepmod\data\modules\product_view_definition_reference\sys\isocover.xml to D:\data\Documents\eurostep_data\step\10303-modules\stepmod2012\stepmod\publication\isopub\CR00011\part1000\data\modules\product_view_definition_reference\sys\isocover.htm
     [xslt] Processing D:\data\Documents\eurostep_data\step\10303-modules\stepmod2012\stepmod\data\modules\product_view_definition_relationship\sys\isocover.xml to D:\data\Documents\eurostep_data\step\10303-modules\stepmod2012\stepmod\publication\isopub\CR00011\part1000\data\modules\product_view_definition_relationship\sys\isocover.htm
     [xslt] Processing D:\data\Documents\eurostep_data\step\10303-modules\stepmod2012\stepmod\data\modules\property_as_definition\sys\isocover.xml to D:\data\Documents\eurostep_data\step\10303-modules\stepmod2012\stepmod\publication\isopub\CR00011\part1000\data\modules\property_as_definition\sys\isocover.htm
     [xslt] Processing D:\data\Documents\eurostep_data\step\10303-modules\stepmod2012\stepmod\data\modules\requirement_decomposition\sys\isocover.xml to D:\data\Documents\eurostep_data\step\10303-modules\stepmod2012\stepmod\publication\isopub\CR00011\part1000\data\modules\requirement_decomposition\sys\isocover.htm
     [xslt] Processing D:\data\Documents\eurostep_data\step\10303-modules\stepmod2012\stepmod\data\modules\scan_data_3d_shape\sys\isocover.xml to D:\data\Documents\eurostep_data\step\10303-modules\stepmod2012\stepmod\publication\isopub\CR00011\part1000\data\modules\scan_data_3d_shape\sys\isocover.htm
     [xslt] Processing D:\data\Documents\eurostep_data\step\10303-modules\stepmod2012\stepmod\data\modules\sequential_laminate_assembly_design\sys\isocover.xml to D:\data\Documents\eurostep_data\step\10303-modules\stepmod2012\stepmod\publication\isopub\CR00011\part1000\data\modules\sequential_laminate_assembly_design\sys\isocover.htm
     [xslt] Processing D:\data\Documents\eurostep_data\step\10303-modules\stepmod2012\stepmod\data\modules\shape_data_quality_criteria\sys\isocover.xml to D:\data\Documents\eurostep_data\step\10303-modules\stepmod2012\stepmod\publication\isopub\CR00011\part1000\data\modules\shape_data_quality_criteria\sys\isocover.htm
     [xslt] Processing D:\data\Documents\eurostep_data\step\10303-modules\stepmod2012\stepmod\data\modules\shape_data_quality_inspection_result\sys\isocover.xml to D:\data\Documents\eurostep_data\step\10303-modules\stepmod2012\stepmod\publication\isopub\CR00011\part1000\data\modules\shape_data_quality_inspection_result\sys\isocover.htm
     [xslt] Processing D:\data\Documents\eurostep_data\step\10303-modules\stepmod2012\stepmod\data\modules\shape_feature\sys\isocover.xml to D:\data\Documents\eurostep_data\step\10303-modules\stepmod2012\stepmod\publication\isopub\CR00011\part1000\data\modules\shape_feature\sys\isocover.htm
     [xslt] Processing D:\data\Documents\eurostep_data\step\10303-modules\stepmod2012\stepmod\data\modules\shape_property_assignment\sys\isocover.xml to D:\data\Documents\eurostep_data\step\10303-modules\stepmod2012\stepmod\publication\isopub\CR00011\part1000\data\modules\shape_property_assignment\sys\isocover.htm
     [xslt] Processing D:\data\Documents\eurostep_data\step\10303-modules\stepmod2012\stepmod\data\modules\sketch\sys\isocover.xml to D:\data\Documents\eurostep_data\step\10303-modules\stepmod2012\stepmod\publication\isopub\CR00011\part1000\data\modules\sketch\sys\isocover.htm
     [xslt] Processing D:\data\Documents\eurostep_data\step\10303-modules\stepmod2012\stepmod\data\modules\solid_with_local_modification\sys\isocover.xml to D:\data\Documents\eurostep_data\step\10303-modules\stepmod2012\stepmod\publication\isopub\CR00011\part1000\data\modules\solid_with_local_modification\sys\isocover.htm
     [xslt] Processing D:\data\Documents\eurostep_data\step\10303-modules\stepmod2012\stepmod\data\modules\specification_based_configuration\sys\isocover.xml to D:\data\Documents\eurostep_data\step\10303-modules\stepmod2012\stepmod\publication\isopub\CR00011\part1000\data\modules\specification_based_configuration\sys\isocover.htm
     [xslt] Processing D:\data\Documents\eurostep_data\step\10303-modules\stepmod2012\stepmod\data\modules\specification_document\sys\isocover.xml to D:\data\Documents\eurostep_data\step\10303-modules\stepmod2012\stepmod\publication\isopub\CR00011\part1000\data\modules\specification_document\sys\isocover.htm
     [xslt] Processing D:\data\Documents\eurostep_data\step\10303-modules\stepmod2012\stepmod\data\modules\surface_conditions\sys\isocover.xml to D:\data\Documents\eurostep_data\step\10303-modules\stepmod2012\stepmod\publication\isopub\CR00011\part1000\data\modules\surface_conditions\sys\isocover.htm
     [xslt] Processing D:\data\Documents\eurostep_data\step\10303-modules\stepmod2012\stepmod\data\modules\tessellated_geometry\sys\isocover.xml to D:\data\Documents\eurostep_data\step\10303-modules\stepmod2012\stepmod\publication\isopub\CR00011\part1000\data\modules\tessellated_geometry\sys\isocover.htm
     [xslt] Processing D:\data\Documents\eurostep_data\step\10303-modules\stepmod2012\stepmod\data\modules\test_requirement_allocation\sys\isocover.xml to D:\data\Documents\eurostep_data\step\10303-modules\stepmod2012\stepmod\publication\isopub\CR00011\part1000\data\modules\test_requirement_allocation\sys\isocover.htm
     [xslt] Processing D:\data\Documents\eurostep_data\step\10303-modules\stepmod2012\stepmod\data\modules\text_representation\sys\isocover.xml to D:\data\Documents\eurostep_data\step\10303-modules\stepmod2012\stepmod\publication\isopub\CR00011\part1000\data\modules\text_representation\sys\isocover.htm
     [xslt] Processing D:\data\Documents\eurostep_data\step\10303-modules\stepmod2012\stepmod\data\modules\thermal_network_definition\sys\isocover.xml to D:\data\Documents\eurostep_data\step\10303-modules\stepmod2012\stepmod\publication\isopub\CR00011\part1000\data\modules\thermal_network_definition\sys\isocover.htm
     [xslt] Processing D:\data\Documents\eurostep_data\step\10303-modules\stepmod2012\stepmod\data\modules\value_with_unit\sys\isocover.xml to D:\data\Documents\eurostep_data\step\10303-modules\stepmod2012\stepmod\publication\isopub\CR00011\part1000\data\modules\value_with_unit\sys\isocover.htm
     [xslt] Processing D:\data\Documents\eurostep_data\step\10303-modules\stepmod2012\stepmod\data\modules\value_with_unit_extension\sys\isocover.xml to D:\data\Documents\eurostep_data\step\10303-modules\stepmod2012\stepmod\publication\isopub\CR00011\part1000\data\modules\value_with_unit_extension\sys\isocover.htm
     [xslt] Processing D:\data\Documents\eurostep_data\step\10303-modules\stepmod2012\stepmod\data\modules\wiring_harness_assembly_design\sys\isocover.xml to D:\data\Documents\eurostep_data\step\10303-modules\stepmod2012\stepmod\publication\isopub\CR00011\part1000\data\modules\wiring_harness_assembly_design\sys\isocover.htm
     [xslt] Processing D:\data\Documents\eurostep_data\step\10303-modules\stepmod2012\stepmod\data\modules\work_request\sys\isocover.xml to D:\data\Documents\eurostep_data\step\10303-modules\stepmod2012\stepmod\publication\isopub\CR00011\part1000\data\modules\work_request\sys\isocover.htm
     [move] Moving 170 files to D:\data\Documents\eurostep_data\step\10303-modules\stepmod2012\stepmod\publication\isopub\CR00011\part1000
     [xslt] Transforming into D:\data\Documents\eurostep_data\step\10303-modules\stepmod2012\stepmod\publication\isopub\CR00011\part1000
     [xslt] Transforming into D:\data\Documents\eurostep_data\step\10303-modules\stepmod2012\stepmod\publication\isopub\CR00011\part1000
     [xslt] Transforming into D:\data\Documents\eurostep_data\step\10303-modules\stepmod2012\stepmod\publication\isopub\CR00011\part1000
     [xslt] Transforming into D:\data\Documents\eurostep_data\step\10303-modules\stepmod2012\stepmod\publication\isopub\CR00011\part1000
     [xslt] Transforming into D:\data\Documents\eurostep_data\step\10303-modules\stepmod2012\stepmod\publication\isopub\CR00011\part1000
     [xslt] Transforming into D:\data\Documents\eurostep_data\step\10303-modules\stepmod2012\stepmod\publication\isopub\CR00011\part1000
     [xslt] Transforming into D:\data\Documents\eurostep_data\step\10303-modules\stepmod2012\stepmod\publication\isopub\CR00011\part1000
     [xslt] Transforming into D:\data\Documents\eurostep_data\step\10303-modules\stepmod2012\stepmod\publication\isopub\CR00011\part1000
     [xslt] Transforming into D:\data\Documents\eurostep_data\step\10303-modules\stepmod2012\stepmod\publication\isopub\CR00011\part1000
     [xslt] Transforming into D:\data\Documents\eurostep_data\step\10303-modules\stepmod2012\stepmod\publication\isopub\CR00011\part1000
     [xslt] Transforming into D:\data\Documents\eurostep_data\step\10303-modules\stepmod2012\stepmod\publication\isopub\CR00011\part1000
     [xslt] Transforming into D:\data\Documents\eurostep_data\step\10303-modules\stepmod2012\stepmod\publication\isopub\CR00011\part1000

publish_isomodules:

zip:
      [zip] Building zip: D:\data\Documents\eurostep_data\step\10303-modules\stepmod2012\stepmod\publication\isopub\CR00011\CR00011_20160216.zip

all:

BUILD SUCCESSFUL
Total time: 1 minute 39 seconds
