Buildfile: buildbuild.xml

main:
    [style] Processing C:\stepmod3\stepmod\ballots\ballots\210_all\ballot_index.xml to C:\stepmod3\stepmod\ballots\ballots\210_all\build.xml
    [style] Loading stylesheet C:\stepmod3\stepmod\ballots\xsl\build_apdocs.xsl
    [style] : Warning! Failure reading file:/C:/stepmod3/stepmod/data/modules/Product_rule/mim.xml Cause: java.io.EOFException: no more input
    [style] : Warning! Failure reading file:/C:/stepmod3/stepmod/data/modules/product_rule/arm.xml Cause: java.io.EOFException: no more input
    [style] : Warning! Failure reading file:/C:/stepmod3/stepmod/data/modules/product_rule/module.xml Cause: java.io.EOFException: no more input
    [style] : Warning! Failure reading file:/C:/stepmod3/stepmod/data/modules/Product_rule/mim.xml Cause: java.io.EOFException: no more input
    [style] : Warning! Failure reading file:/C:/stepmod3/stepmod/data/modules/Product_rule/mim.xml Cause: java.io.EOFException: no more input
    [style] : Warning! Failure reading file:/C:/stepmod3/stepmod/data/modules/Product_rule/mim.xml Cause: java.io.EOFException: no more input
    [style] : Warning! Failure reading file:/C:/stepmod3/stepmod/data/modules/Product_rule/mim.xml Cause: java.io.EOFException: no more input
    [style] : Warning! Failure reading file:/C:/stepmod3/stepmod/data/modules/Product_rule/mim.xml Cause: java.io.EOFException: no more input
    [style] : Warning! Failure reading file:/C:/stepmod3/stepmod/data/modules/Product_rule/mim.xml Cause: java.io.EOFException: no more input
    [style] : Warning! Failure reading file:/C:/stepmod3/stepmod/data/modules/Product_rule/mim.xml Cause: java.io.EOFException: no more input
    [style] : Warning! Failure reading file:/C:/stepmod3/stepmod/data/modules/Product_rule/mim.xml Cause: java.io.EOFException: no more input
    [style] : Warning! Failure reading file:/C:/stepmod3/stepmod/data/modules/Product_rule/mim.xml Cause: java.io.EOFException: no more input
    [style] : Warning! Failure reading file:/C:/stepmod3/stepmod/data/modules/Product_rule/mim.xml Cause: java.io.EOFException: no more input
    [style] : Warning! Failure reading file:/C:/stepmod3/stepmod/data/modules/Product_rule/mim.xml Cause: java.io.EOFException: no more input
    [style] : Warning! Failure reading file:/C:/stepmod3/stepmod/data/modules/Product_rule/mim.xml Cause: java.io.EOFException: no more input
    [style] : Warning! Failure reading file:/C:/stepmod3/stepmod/data/modules/Product_rule/mim.xml Cause: java.io.EOFException: no more input
    [style] : Warning! Failure reading file:/C:/stepmod3/stepmod/data/modules/Product_rule/mim.xml Cause: java.io.EOFException: no more input
    [style] : Warning! Failure reading file:/C:/stepmod3/stepmod/data/modules/Product_rule/mim.xml Cause: java.io.EOFException: no more input
    [style] : Warning! Failure reading file:/C:/stepmod3/stepmod/data/modules/Product_rule/mim.xml Cause: java.io.EOFException: no more input
    [style] : Warning! Failure reading file:/C:/stepmod3/stepmod/data/modules/shield/mim.xml Cause: java.io.EOFException: no more input
    [style] : Warning! Failure reading file:/C:/stepmod3/stepmod/data/modules/shield/arm.xml Cause: java.io.EOFException: no more input
    [style] : Warning! Failure reading file:/C:/stepmod3/stepmod/data/modules/shield/module.xml Cause: java.io.EOFException: no more input
    [style] 
    [style]             Found Module_eld assumed a resource.
    [style]           
    [style] : Warning! Failure reading file:/C:/stepmod3/stepmod/data/resources/Module_eld/Module_eld.xml Cause: java.io.EOFException: no more input
    [style] : Warning! Failure reading file:/C:/stepmod3/stepmod/data/modules/Fill_area/mim.xml Cause: java.io.EOFException: no more input
    [style] : Warning! Failure reading file:/C:/stepmod3/stepmod/data/modules/fill_area/arm.xml Cause: java.io.EOFException: no more input
    [style] : Warning! Failure reading file:/C:/stepmod3/stepmod/data/modules/fill_area/module.xml Cause: java.io.EOFException: no more input
    [style] : Warning! Failure reading file:/C:/stepmod3/stepmod/data/modules/Fill_area/mim.xml Cause: java.io.EOFException: no more input
    [style] : Warning! Failure reading file:/C:/stepmod3/stepmod/data/modules/Fill_area/mim.xml Cause: java.io.EOFException: no more input
    [style] : Warning! Failure reading file:/C:/stepmod3/stepmod/data/modules/Product_rule/mim.xml Cause: java.io.EOFException: no more input
    [style] 
    [style]             Found automotive_design assumed a resource.
    [style]           
    [style] 
    [style]             Found automotive_design assumed a resource.
    [style]           
    [style] : Warning! Failure reading file:/C:/stepmod3/stepmod/data/modules/Module/mim.xml Cause: java.io.EOFException: no more input
    [style] : Warning! Failure reading file:/C:/stepmod3/stepmod/data/modules/module/arm.xml Cause: java.io.EOFException: no more input
    [style] : Warning! Failure reading file:/C:/stepmod3/stepmod/data/modules/module/module.xml Cause: java.io.EOFException: no more input
    [style] : Warning! Failure reading file:/C:/stepmod3/stepmod/data/modules/Module/mim.xml Cause: java.io.EOFException: no more input
    [style] : Warning! Failure reading file:/C:/stepmod3/stepmod/data/modules/Module/mim.xml Cause: java.io.EOFException: no more input
    [style] : Warning! Failure reading file:/C:/stepmod3/stepmod/data/modules/Module/mim.xml Cause: java.io.EOFException: no more input
    [style] : Warning! Failure reading file:/C:/stepmod3/stepmod/data/modules/Module/mim.xml Cause: java.io.EOFException: no more input
    [style] : Warning! Failure reading file:/C:/stepmod3/stepmod/data/modules/Module/mim.xml Cause: java.io.EOFException: no more input
    [style] : Warning! Failure reading file:/C:/stepmod3/stepmod/data/modules/Module/mim.xml Cause: java.io.EOFException: no more input
    [style] : Warning! Failure reading file:/C:/stepmod3/stepmod/data/modules/Module/mim.xml Cause: java.io.EOFException: no more input
    [style] : Warning! Failure reading file:/C:/stepmod3/stepmod/data/modules/Module/mim.xml Cause: java.io.EOFException: no more input
    [style] : Warning! Failure reading file:/C:/stepmod3/stepmod/data/modules/Module/mim.xml Cause: java.io.EOFException: no more input
    [style] 
    [style]       Created the ant build file: build.xml
    [style]       Targets are: init, depresources, isoindex, normref_check, isomodules, isodepmodules, copy_abstracts, copy_express, concat_express
    [style] : Warning! Failure reading file:/C:/stepmod3/stepmod/data/modules/Product_rule/mim.xml Cause: java.io.EOFException: no more input
    [style] : Warning! Failure reading file:/C:/stepmod3/stepmod/data/modules/product_rule/arm.xml Cause: java.io.EOFException: no more input
    [style] : Warning! Failure reading file:/C:/stepmod3/stepmod/data/modules/product_rule/module.xml Cause: java.io.EOFException: no more input
    [style] : Warning! Failure reading file:/C:/stepmod3/stepmod/data/modules/Product_rule/mim.xml Cause: java.io.EOFException: no more input
    [style] : Warning! Failure reading file:/C:/stepmod3/stepmod/data/modules/Product_rule/mim.xml Cause: java.io.EOFException: no more input
    [style] : Warning! Failure reading file:/C:/stepmod3/stepmod/data/modules/Product_rule/mim.xml Cause: java.io.EOFException: no more input
    [style] : Warning! Failure reading file:/C:/stepmod3/stepmod/data/modules/Product_rule/mim.xml Cause: java.io.EOFException: no more input
    [style] : Warning! Failure reading file:/C:/stepmod3/stepmod/data/modules/Product_rule/mim.xml Cause: java.io.EOFException: no more input
    [style] : Warning! Failure reading file:/C:/stepmod3/stepmod/data/modules/Product_rule/mim.xml Cause: java.io.EOFException: no more input
    [style] : Warning! Failure reading file:/C:/stepmod3/stepmod/data/modules/Product_rule/mim.xml Cause: java.io.EOFException: no more input
    [style] : Warning! Failure reading file:/C:/stepmod3/stepmod/data/modules/Product_rule/mim.xml Cause: java.io.EOFException: no more input
    [style] : Warning! Failure reading file:/C:/stepmod3/stepmod/data/modules/Product_rule/mim.xml Cause: java.io.EOFException: no more input
    [style] : Warning! Failure reading file:/C:/stepmod3/stepmod/data/modules/Product_rule/mim.xml Cause: java.io.EOFException: no more input
    [style] : Warning! Failure reading file:/C:/stepmod3/stepmod/data/modules/Product_rule/mim.xml Cause: java.io.EOFException: no more input
    [style] : Warning! Failure reading file:/C:/stepmod3/stepmod/data/modules/Product_rule/mim.xml Cause: java.io.EOFException: no more input
    [style] : Warning! Failure reading file:/C:/stepmod3/stepmod/data/modules/Product_rule/mim.xml Cause: java.io.EOFException: no more input
    [style] : Warning! Failure reading file:/C:/stepmod3/stepmod/data/modules/Product_rule/mim.xml Cause: java.io.EOFException: no more input
    [style] : Warning! Failure reading file:/C:/stepmod3/stepmod/data/modules/Product_rule/mim.xml Cause: java.io.EOFException: no more input
    [style] : Warning! Failure reading file:/C:/stepmod3/stepmod/data/modules/Product_rule/mim.xml Cause: java.io.EOFException: no more input
    [style] : Warning! Failure reading file:/C:/stepmod3/stepmod/data/modules/shield/mim.xml Cause: java.io.EOFException: no more input
    [style] : Warning! Failure reading file:/C:/stepmod3/stepmod/data/modules/shield/arm.xml Cause: java.io.EOFException: no more input
    [style] : Warning! Failure reading file:/C:/stepmod3/stepmod/data/modules/shield/module.xml Cause: java.io.EOFException: no more input
    [style] 
    [style]             Found Module_eld assumed a resource.
    [style]           
    [style] : Warning! Failure reading file:/C:/stepmod3/stepmod/data/resources/Module_eld/Module_eld.xml Cause: java.io.EOFException: no more input
    [style] : Warning! Failure reading file:/C:/stepmod3/stepmod/data/modules/Fill_area/mim.xml Cause: java.io.EOFException: no more input
    [style] : Warning! Failure reading file:/C:/stepmod3/stepmod/data/modules/fill_area/arm.xml Cause: java.io.EOFException: no more input
    [style] : Warning! Failure reading file:/C:/stepmod3/stepmod/data/modules/fill_area/module.xml Cause: java.io.EOFException: no more input
    [style] : Warning! Failure reading file:/C:/stepmod3/stepmod/data/modules/Fill_area/mim.xml Cause: java.io.EOFException: no more input
    [style] : Warning! Failure reading file:/C:/stepmod3/stepmod/data/modules/Fill_area/mim.xml Cause: java.io.EOFException: no more input
    [style] : Warning! Failure reading file:/C:/stepmod3/stepmod/data/modules/Product_rule/mim.xml Cause: java.io.EOFException: no more input
    [style] 
    [style]             Found automotive_design assumed a resource.
    [style]           
    [style] 
    [style]             Found automotive_design assumed a resource.
    [style]           
    [style] : Warning! Failure reading file:/C:/stepmod3/stepmod/data/modules/Module/mim.xml Cause: java.io.EOFException: no more input
    [style] : Warning! Failure reading file:/C:/stepmod3/stepmod/data/modules/module/arm.xml Cause: java.io.EOFException: no more input
    [style] : Warning! Failure reading file:/C:/stepmod3/stepmod/data/modules/module/module.xml Cause: java.io.EOFException: no more input
    [style] : Warning! Failure reading file:/C:/stepmod3/stepmod/data/modules/Module/mim.xml Cause: java.io.EOFException: no more input
    [style] : Warning! Failure reading file:/C:/stepmod3/stepmod/data/modules/Module/mim.xml Cause: java.io.EOFException: no more input
    [style] : Warning! Failure reading file:/C:/stepmod3/stepmod/data/modules/Module/mim.xml Cause: java.io.EOFException: no more input
    [style] : Warning! Failure reading file:/C:/stepmod3/stepmod/data/modules/Module/mim.xml Cause: java.io.EOFException: no more input
    [style] : Warning! Failure reading file:/C:/stepmod3/stepmod/data/modules/Module/mim.xml Cause: java.io.EOFException: no more input
    [style] : Warning! Failure reading file:/C:/stepmod3/stepmod/data/modules/Module/mim.xml Cause: java.io.EOFException: no more input
    [style] : Warning! Failure reading file:/C:/stepmod3/stepmod/data/modules/Module/mim.xml Cause: java.io.EOFException: no more input
    [style] : Warning! Failure reading file:/C:/stepmod3/stepmod/data/modules/Module/mim.xml Cause: java.io.EOFException: no more input
    [style] : Warning! Failure reading file:/C:/stepmod3/stepmod/data/modules/Module/mim.xml Cause: java.io.EOFException: no more input

BUILD SUCCESSFUL
Total time: 13 minutes 37 seconds
